#
# A fatal error has been detected by the Java Runtime Environment:
#
#  SIGBUS (0xa) at pc=0x00000001163f9e92, pid=8407, tid=0x0000000000002503
#
# JRE version: OpenJDK Runtime Environment (8.0_212-b04) (build 1.8.0_212-release-1586-b4)
# Java VM: OpenJDK 64-Bit Server VM (25.212-b4 mixed mode bsd-amd64 compressed oops)
# Problematic frame:
# C  [libzip.dylib+0x2e92]  newEntry+0x154
#
# Failed to write core dump. Core dumps have been disabled. To enable core dumping, try "ulimit -c unlimited" before starting Java again
#
# If you would like to submit a bug report, please visit:
#   http://bugreport.java.com/bugreport/crash.jsp
# The crash happened outside the Java Virtual Machine in native code.
# See problematic frame for where to report the bug.
#

---------------  T H R E A D  ---------------

Current thread (0x00007f92cb808000):  JavaThread "main" [_thread_in_native, id=9475, stack(0x000070000bf03000,0x000070000c003000)]

siginfo: si_signo: 10 (SIGBUS), si_code: 2 (BUS_ADRERR), si_addr: 0x00000001325a3c00

Registers:
RAX=0x00007f92ca614ec0, RBX=0x00000001325a3bf4, RCX=0x0000000000000000, RDX=0x0000000004000000
RSP=0x000070000bffc500, RBP=0x000070000bffc560, RSI=0x000000002ca6c79a, RDI=0x0000000000000c79
R8 =0x000000002ca6c796, R9 =0x00000000fc3fffff, R10=0x00007f92ca600000, R11=0x000000000000001d
R12=0x00007f92cc04b400, R13=0x0000000000000280, R14=0x000000001fc058c4, R15=0x00007f92ccb46070
RIP=0x00000001163f9e92, EFLAGS=0x0000000000010202, ERR=0x0000000000000004
  TRAPNO=0x000000000000000e

Top of Stack: (sp=0x000070000bffc500)
0x000070000bffc500:   0000000000000006 0000000000000006
0x000070000bffc510:   0000000000000006 000000010fc792cf
0x000070000bffc520:   000070000bffc540 00007f92ca614ec0
0x000070000bffc530:   00007f92ca6c7950 00007f92ca614ec0
0x000070000bffc540:   00007f92cc04b400 0000000000000280
0x000070000bffc550:   000000001fc058c4 00007f92ccb46070
0x000070000bffc560:   000070000bffc5c0 00000001163fa52d
0x000070000bffc570:   000070000bffc619 000070000bffc618
0x000070000bffc580:   0000003900000000 0000003a01808000
0x000070000bffc590:   000070000bffc5de 000070000bffca28
0x000070000bffc5a0:   000000000000003a 000070000bffc5de
0x000070000bffc5b0:   00007f92ca614ec0 00007f92cb8081e0
0x000070000bffc5c0:   000070000bffca10 00000001163f9238
0x000070000bffc5d0:   0000000000000000 726f700000000001
0x000070000bffc5e0:   61726274656a2f67 747061632f736e69
0x000070000bffc5f0:   2f67726f2f657275 65777463656a626f
0x000070000bffc600:   69462f6d73612f62 7469736956646c65
0x000070000bffc610:   7373616c632e726f 0000000000000000
0x000070000bffc620:   000000010fc9f000 0000000000000b10
0x000070000bffc630:   000070000bffc660 000000010fc74c99
0x000070000bffc640:   0000000000000b10 000070000bffc6d0
0x000070000bffc650:   0000000000000006 0000000000000b10
0x000070000bffc660:   000070000bffc680 000000010fc74c15
0x000070000bffc670:   0000000000000000 000070000bffc6d0
0x000070000bffc680:   000070000bffc6c0 0000000115d34146
0x000070000bffc690:   0000000000000003 00007f92ca6c78f0
0x000070000bffc6a0:   000000000000000c 00007f92ca6c78f0
0x000070000bffc6b0:   000000000000000c 00007f92ca6c78f0
0x000070000bffc6c0:   000070000bffc710 0000000115ac78b2
0x000070000bffc6d0:   0000000000000000 0000000000000000
0x000070000bffc6e0:   0000000000000000 0000000000000000
0x000070000bffc6f0:   0000000000000000 000000000000000a 

Instructions: (pc=0x00000001163f9e92)
0x00000001163f9e72:   49 8b 7f 38 e8 5b 1b 00 00 4d 89 77 38 49 89 5f
0x00000001163f9e82:   40 4c 89 f0 48 85 c0 0f 84 11 05 00 00 48 89 c3
0x00000001163f9e92:   0f b6 43 0c 0f b6 4b 0d 48 c1 e1 08 48 01 c1 0f
0x00000001163f9ea2:   b6 43 0e 0f b6 53 0f 48 c1 e2 08 48 01 c2 48 c1 

Register to memory mapping:

RAX=0x00007f92ca614ec0 is an unknown value
RBX=0x00000001325a3bf4 is an unknown value
RCX=0x0000000000000000 is an unknown value
RDX=0x0000000004000000 is an unknown value
RSP=0x000070000bffc500 is pointing into the stack for thread: 0x00007f92cb808000
RBP=0x000070000bffc560 is pointing into the stack for thread: 0x00007f92cb808000
RSI=0x000000002ca6c79a is an unknown value
RDI=0x0000000000000c79 is an unknown value
R8 =0x000000002ca6c796 is an unknown value
R9 =0x00000000fc3fffff is an unknown value
R10=0x00007f92ca600000 is an unknown value
R11=0x000000000000001d is an unknown value
R12=0x00007f92cc04b400 is an unknown value
R13=0x0000000000000280 is an unknown value
R14=0x000000001fc058c4 is an unknown value
R15=0x00007f92ccb46070 is an unknown value


Stack: [0x000070000bf03000,0x000070000c003000],  sp=0x000070000bffc500,  free space=997k
Native frames: (J=compiled Java code, j=interpreted, Vv=VM code, C=native code)
C  [libzip.dylib+0x2e92]  newEntry+0x154
C  [libzip.dylib+0x352d]  ZIP_GetEntry2+0xd4
C  [libzip.dylib+0x2238]  Java_java_util_zip_ZipFile_getEntry+0xcf
J 106  java.util.zip.ZipFile.getEntry(J[BZ)J (0 bytes) @ 0x00000001176cd4ce [0x00000001176cd400+0xce]
J 333 C2 sun.misc.URLClassPath$JarLoader.getResource(Ljava/lang/String;Z)Lsun/misc/Resource; (85 bytes) @ 0x0000000117797050 [0x0000000117796b20+0x530]
J 516 C2 sun.misc.URLClassPath.getResource(Ljava/lang/String;Z)Lsun/misc/Resource; (83 bytes) @ 0x00000001178196b8 [0x00000001178195c0+0xf8]
J 326 C1 java.net.URLClassLoader$1.run()Ljava/lang/Class; (63 bytes) @ 0x0000000117754184 [0x0000000117753f60+0x224]
j  java.net.URLClassLoader$1.run()Ljava/lang/Object;+1
v  ~StubRoutines::call_stub
V  [libjvm.dylib+0x2e2d8e]
V  [libjvm.dylib+0x326a6e]
J 272  java.security.AccessController.doPrivileged(Ljava/security/PrivilegedExceptionAction;Ljava/security/AccessControlContext;)Ljava/lang/Object; (0 bytes) @ 0x000000011773ce15 [0x000000011773cd40+0xd5]
J 269 C1 java.net.URLClassLoader.findClass(Ljava/lang/String;)Ljava/lang/Class; (47 bytes) @ 0x000000011773d2bc [0x000000011773d120+0x19c]
j  java.lang.ClassLoader.loadClass(Ljava/lang/String;Z)Ljava/lang/Class;+70
J 285 C1 sun.misc.Launcher$AppClassLoader.loadClass(Ljava/lang/String;Z)Ljava/lang/Class; (85 bytes) @ 0x00000001177431ac [0x00000001177427e0+0x9cc]
J 3288 C1 java.lang.ClassLoader.loadClass(Ljava/lang/String;)Ljava/lang/Class; (7 bytes) @ 0x00000001180e429c [0x00000001180e4180+0x11c]
v  ~StubRoutines::call_stub
V  [libjvm.dylib+0x2e2d8e]
V  [libjvm.dylib+0x2e3532]
V  [libjvm.dylib+0x2e368a]
V  [libjvm.dylib+0x51183a]
V  [libjvm.dylib+0x510ff5]
V  [libjvm.dylib+0x511a56]
V  [libjvm.dylib+0x5120c7]
V  [libjvm.dylib+0x31e7bd]
V  [libjvm.dylib+0x327080]
C  [libverify.dylib+0x1381]  load_class_local+0x27
C  [libverify.dylib+0x1428]  load_class_global+0x1b
C  [libverify.dylib+0x14bb]  object_fullinfo_to_classclass+0x3c
C  [libverify.dylib+0x2381]  merge_fullinfo_types+0x1f8
C  [libverify.dylib+0x5557]  verify_method+0x2567
C  [libverify.dylib+0x7148]  VerifyClassForMajorVersion+0x460
C  [libjava.dylib+0x108f8]  VerifyClassCodesForMajorVersion+0x9
V  [libjvm.dylib+0x57afec]
V  [libjvm.dylib+0x57b36e]
V  [libjvm.dylib+0x2b6def]
V  [libjvm.dylib+0x2b70f9]
V  [libjvm.dylib+0x2b7131]
V  [libjvm.dylib+0x2b784d]
V  [libjvm.dylib+0x142691]
v  ~RuntimeStub::fast_new_instance_init_check Runtime1 stub
J 375 C1 com.intellij.rt.debugger.agent.CaptureAgent$CaptureTransformer.transform(Ljava/lang/ClassLoader;Ljava/lang/String;Ljava/lang/Class;Ljava/security/ProtectionDomain;[B)[B (194 bytes) @ 0x00000001177a3b20 [0x00000001177a1d80+0x1da0]
J 144 C1 sun.instrument.TransformerManager.transform(Ljava/lang/ClassLoader;Ljava/lang/String;Ljava/lang/Class;Ljava/security/ProtectionDomain;[B)[B (98 bytes) @ 0x00000001176e0d44 [0x00000001176e0b60+0x1e4]
J 143 C1 sun.instrument.InstrumentationImpl.transform(Ljava/lang/ClassLoader;Ljava/lang/String;Ljava/lang/Class;Ljava/security/ProtectionDomain;[BZ)[B (38 bytes) @ 0x00000001176e07cc [0x00000001176e0640+0x18c]
v  ~StubRoutines::call_stub
V  [libjvm.dylib+0x2e2d8e]
V  [libjvm.dylib+0x2fd79e]
V  [libjvm.dylib+0x2ed87b]
C  [libinstrument.dylib+0xb412]  transformClassFile+0x1ad
C  [libinstrument.dylib+0x85d5]  eventHandlerClassFileLoadHook+0x8f
V  [libjvm.dylib+0x36f35d]
V  [libjvm.dylib+0x36f4d3]
V  [libjvm.dylib+0x36e39a]
V  [libjvm.dylib+0x187a8a]
V  [libjvm.dylib+0x18ad10]
V  [libjvm.dylib+0x511655]
V  [libjvm.dylib+0x510ff5]
V  [libjvm.dylib+0x511a56]
V  [libjvm.dylib+0x5120c7]
V  [libjvm.dylib+0x1df958]
V  [libjvm.dylib+0x4284ae]
V  [libjvm.dylib+0x2deb29]
j  java.util.concurrent.AbstractExecutorService.newTaskFor(Ljava/util/concurrent/Callable;)Ljava/util/concurrent/RunnableFuture;+0
j  java.util.concurrent.AbstractExecutorService.submit(Ljava/util/concurrent/Callable;)Ljava/util/concurrent/Future;+14
j  org.apache.catalina.core.ContainerBase.startInternal()V+190
j  org.apache.catalina.core.StandardEngine.startInternal()V+41
j  org.apache.catalina.util.LifecycleBase.start()V+210
j  org.apache.catalina.core.StandardService.startInternal()V+63
j  org.apache.catalina.util.LifecycleBase.start()V+210
j  org.apache.catalina.core.StandardServer.startInternal()V+45
j  org.apache.catalina.util.LifecycleBase.start()V+210
j  org.apache.catalina.startup.Tomcat.start()V+14
j  org.apache.tomcat.maven.plugin.tomcat7.run.AbstractRunMojo.startContainer()V+1023
j  org.apache.tomcat.maven.plugin.tomcat7.run.AbstractRunMojo.execute()V+118
j  org.apache.maven.plugin.DefaultBuildPluginManager.executeMojo(Lorg/apache/maven/execution/MavenSession;Lorg/apache/maven/plugin/MojoExecution;)V+152
j  org.apache.maven.lifecycle.internal.MojoExecutor.execute(Lorg/apache/maven/execution/MavenSession;Lorg/apache/maven/plugin/MojoExecution;Lorg/apache/maven/lifecycle/internal/ProjectIndex;Lorg/apache/maven/lifecycle/internal/DependencyContext;)V+215
j  org.apache.maven.lifecycle.internal.MojoExecutor.execute(Lorg/apache/maven/execution/MavenSession;Lorg/apache/maven/plugin/MojoExecution;Lorg/apache/maven/lifecycle/internal/ProjectIndex;Lorg/apache/maven/lifecycle/internal/DependencyContext;Lorg/apache/maven/lifecycle/internal/PhaseRecorder;)V+6
j  org.apache.maven.lifecycle.internal.MojoExecutor.execute(Lorg/apache/maven/execution/MavenSession;Ljava/util/List;Lorg/apache/maven/lifecycle/internal/ProjectIndex;)V+60
j  org.apache.maven.lifecycle.internal.LifecycleModuleBuilder.buildProject(Lorg/apache/maven/execution/MavenSession;Lorg/apache/maven/execution/MavenSession;Lorg/apache/maven/lifecycle/internal/ReactorContext;Lorg/apache/maven/project/MavenProject;Lorg/apache/maven/lifecycle/internal/TaskSegment;)V+179
j  org.apache.maven.lifecycle.internal.LifecycleModuleBuilder.buildProject(Lorg/apache/maven/execution/MavenSession;Lorg/apache/maven/lifecycle/internal/ReactorContext;Lorg/apache/maven/project/MavenProject;Lorg/apache/maven/lifecycle/internal/TaskSegment;)V+7
j  org.apache.maven.lifecycle.internal.builder.singlethreaded.SingleThreadedBuilder.build(Lorg/apache/maven/execution/MavenSession;Lorg/apache/maven/lifecycle/internal/ReactorContext;Lorg/apache/maven/lifecycle/internal/ProjectBuildList;Ljava/util/List;Lorg/apache/maven/lifecycle/internal/ReactorBuildStatus;)V+77
j  org.apache.maven.lifecycle.internal.LifecycleStarter.execute(Lorg/apache/maven/execution/MavenSession;)V+348
j  org.apache.maven.DefaultMaven.doExecute(Lorg/apache/maven/execution/MavenExecutionRequest;Lorg/apache/maven/execution/MavenSession;Lorg/apache/maven/execution/MavenExecutionResult;Lorg/eclipse/aether/DefaultRepositorySystemSession;)Lorg/apache/maven/execution/MavenExecutionResult;+425
j  org.apache.maven.DefaultMaven.doExecute(Lorg/apache/maven/execution/MavenExecutionRequest;)Lorg/apache/maven/execution/MavenExecutionResult;+98
j  org.apache.maven.DefaultMaven.execute(Lorg/apache/maven/execution/MavenExecutionRequest;)Lorg/apache/maven/execution/MavenExecutionResult;+2
j  org.apache.maven.cli.MavenCli.execute(Lorg/apache/maven/cli/CliRequest;)I+27
j  org.apache.maven.cli.MavenCli.doMain(Lorg/apache/maven/cli/CliRequest;)I+66
j  org.apache.maven.cli.MavenCli.main([Ljava/lang/String;Lorg/codehaus/plexus/classworlds/ClassWorld;)I+24
v  ~StubRoutines::call_stub
V  [libjvm.dylib+0x2e2d8e]
V  [libjvm.dylib+0x4a8690]
V  [libjvm.dylib+0x4a8bc4]
V  [libjvm.dylib+0x31e6cc]
j  sun.reflect.NativeMethodAccessorImpl.invoke0(Ljava/lang/reflect/Method;Ljava/lang/Object;[Ljava/lang/Object;)Ljava/lang/Object;+0
j  sun.reflect.NativeMethodAccessorImpl.invoke(Ljava/lang/Object;[Ljava/lang/Object;)Ljava/lang/Object;+100
j  sun.reflect.DelegatingMethodAccessorImpl.invoke(Ljava/lang/Object;[Ljava/lang/Object;)Ljava/lang/Object;+6
j  java.lang.reflect.Method.invoke(Ljava/lang/Object;[Ljava/lang/Object;)Ljava/lang/Object;+56
j  org.codehaus.plexus.classworlds.launcher.Launcher.launchEnhanced([Ljava/lang/String;)V+45
j  org.codehaus.plexus.classworlds.launcher.Launcher.launch([Ljava/lang/String;)V+2
j  org.codehaus.plexus.classworlds.launcher.Launcher.mainWithExitCode([Ljava/lang/String;)I+101
...<more frames>...

Java frames: (J=compiled Java code, j=interpreted, Vv=VM code)
J 106  java.util.zip.ZipFile.getEntry(J[BZ)J (0 bytes) @ 0x00000001176cd458 [0x00000001176cd400+0x58]
J 333 C2 sun.misc.URLClassPath$JarLoader.getResource(Ljava/lang/String;Z)Lsun/misc/Resource; (85 bytes) @ 0x0000000117797050 [0x0000000117796b20+0x530]
J 516 C2 sun.misc.URLClassPath.getResource(Ljava/lang/String;Z)Lsun/misc/Resource; (83 bytes) @ 0x00000001178196b8 [0x00000001178195c0+0xf8]
J 326 C1 java.net.URLClassLoader$1.run()Ljava/lang/Class; (63 bytes) @ 0x0000000117754184 [0x0000000117753f60+0x224]
j  java.net.URLClassLoader$1.run()Ljava/lang/Object;+1
v  ~StubRoutines::call_stub
J 272  java.security.AccessController.doPrivileged(Ljava/security/PrivilegedExceptionAction;Ljava/security/AccessControlContext;)Ljava/lang/Object; (0 bytes) @ 0x000000011773cda3 [0x000000011773cd40+0x63]
J 269 C1 java.net.URLClassLoader.findClass(Ljava/lang/String;)Ljava/lang/Class; (47 bytes) @ 0x000000011773d2bc [0x000000011773d120+0x19c]
j  java.lang.ClassLoader.loadClass(Ljava/lang/String;Z)Ljava/lang/Class;+70
J 285 C1 sun.misc.Launcher$AppClassLoader.loadClass(Ljava/lang/String;Z)Ljava/lang/Class; (85 bytes) @ 0x00000001177431ac [0x00000001177427e0+0x9cc]
J 3288 C1 java.lang.ClassLoader.loadClass(Ljava/lang/String;)Ljava/lang/Class; (7 bytes) @ 0x00000001180e429c [0x00000001180e4180+0x11c]
v  ~StubRoutines::call_stub
v  ~RuntimeStub::fast_new_instance_init_check Runtime1 stub
J 375 C1 com.intellij.rt.debugger.agent.CaptureAgent$CaptureTransformer.transform(Ljava/lang/ClassLoader;Ljava/lang/String;Ljava/lang/Class;Ljava/security/ProtectionDomain;[B)[B (194 bytes) @ 0x00000001177a3b20 [0x00000001177a1d80+0x1da0]
J 144 C1 sun.instrument.TransformerManager.transform(Ljava/lang/ClassLoader;Ljava/lang/String;Ljava/lang/Class;Ljava/security/ProtectionDomain;[B)[B (98 bytes) @ 0x00000001176e0d44 [0x00000001176e0b60+0x1e4]
J 143 C1 sun.instrument.InstrumentationImpl.transform(Ljava/lang/ClassLoader;Ljava/lang/String;Ljava/lang/Class;Ljava/security/ProtectionDomain;[BZ)[B (38 bytes) @ 0x00000001176e07cc [0x00000001176e0640+0x18c]
v  ~StubRoutines::call_stub
j  java.util.concurrent.AbstractExecutorService.newTaskFor(Ljava/util/concurrent/Callable;)Ljava/util/concurrent/RunnableFuture;+0
j  java.util.concurrent.AbstractExecutorService.submit(Ljava/util/concurrent/Callable;)Ljava/util/concurrent/Future;+14
j  org.apache.catalina.core.ContainerBase.startInternal()V+190
j  org.apache.catalina.core.StandardEngine.startInternal()V+41
j  org.apache.catalina.util.LifecycleBase.start()V+210
j  org.apache.catalina.core.StandardService.startInternal()V+63
j  org.apache.catalina.util.LifecycleBase.start()V+210
j  org.apache.catalina.core.StandardServer.startInternal()V+45
j  org.apache.catalina.util.LifecycleBase.start()V+210
j  org.apache.catalina.startup.Tomcat.start()V+14
j  org.apache.tomcat.maven.plugin.tomcat7.run.AbstractRunMojo.startContainer()V+1023
j  org.apache.tomcat.maven.plugin.tomcat7.run.AbstractRunMojo.execute()V+118
j  org.apache.maven.plugin.DefaultBuildPluginManager.executeMojo(Lorg/apache/maven/execution/MavenSession;Lorg/apache/maven/plugin/MojoExecution;)V+152
j  org.apache.maven.lifecycle.internal.MojoExecutor.execute(Lorg/apache/maven/execution/MavenSession;Lorg/apache/maven/plugin/MojoExecution;Lorg/apache/maven/lifecycle/internal/ProjectIndex;Lorg/apache/maven/lifecycle/internal/DependencyContext;)V+215
j  org.apache.maven.lifecycle.internal.MojoExecutor.execute(Lorg/apache/maven/execution/MavenSession;Lorg/apache/maven/plugin/MojoExecution;Lorg/apache/maven/lifecycle/internal/ProjectIndex;Lorg/apache/maven/lifecycle/internal/DependencyContext;Lorg/apache/maven/lifecycle/internal/PhaseRecorder;)V+6
j  org.apache.maven.lifecycle.internal.MojoExecutor.execute(Lorg/apache/maven/execution/MavenSession;Ljava/util/List;Lorg/apache/maven/lifecycle/internal/ProjectIndex;)V+60
j  org.apache.maven.lifecycle.internal.LifecycleModuleBuilder.buildProject(Lorg/apache/maven/execution/MavenSession;Lorg/apache/maven/execution/MavenSession;Lorg/apache/maven/lifecycle/internal/ReactorContext;Lorg/apache/maven/project/MavenProject;Lorg/apache/maven/lifecycle/internal/TaskSegment;)V+179
j  org.apache.maven.lifecycle.internal.LifecycleModuleBuilder.buildProject(Lorg/apache/maven/execution/MavenSession;Lorg/apache/maven/lifecycle/internal/ReactorContext;Lorg/apache/maven/project/MavenProject;Lorg/apache/maven/lifecycle/internal/TaskSegment;)V+7
j  org.apache.maven.lifecycle.internal.builder.singlethreaded.SingleThreadedBuilder.build(Lorg/apache/maven/execution/MavenSession;Lorg/apache/maven/lifecycle/internal/ReactorContext;Lorg/apache/maven/lifecycle/internal/ProjectBuildList;Ljava/util/List;Lorg/apache/maven/lifecycle/internal/ReactorBuildStatus;)V+77
j  org.apache.maven.lifecycle.internal.LifecycleStarter.execute(Lorg/apache/maven/execution/MavenSession;)V+348
j  org.apache.maven.DefaultMaven.doExecute(Lorg/apache/maven/execution/MavenExecutionRequest;Lorg/apache/maven/execution/MavenSession;Lorg/apache/maven/execution/MavenExecutionResult;Lorg/eclipse/aether/DefaultRepositorySystemSession;)Lorg/apache/maven/execution/MavenExecutionResult;+425
j  org.apache.maven.DefaultMaven.doExecute(Lorg/apache/maven/execution/MavenExecutionRequest;)Lorg/apache/maven/execution/MavenExecutionResult;+98
j  org.apache.maven.DefaultMaven.execute(Lorg/apache/maven/execution/MavenExecutionRequest;)Lorg/apache/maven/execution/MavenExecutionResult;+2
j  org.apache.maven.cli.MavenCli.execute(Lorg/apache/maven/cli/CliRequest;)I+27
j  org.apache.maven.cli.MavenCli.doMain(Lorg/apache/maven/cli/CliRequest;)I+66
j  org.apache.maven.cli.MavenCli.main([Ljava/lang/String;Lorg/codehaus/plexus/classworlds/ClassWorld;)I+24
v  ~StubRoutines::call_stub
j  sun.reflect.NativeMethodAccessorImpl.invoke0(Ljava/lang/reflect/Method;Ljava/lang/Object;[Ljava/lang/Object;)Ljava/lang/Object;+0
j  sun.reflect.NativeMethodAccessorImpl.invoke(Ljava/lang/Object;[Ljava/lang/Object;)Ljava/lang/Object;+100
j  sun.reflect.DelegatingMethodAccessorImpl.invoke(Ljava/lang/Object;[Ljava/lang/Object;)Ljava/lang/Object;+6
j  java.lang.reflect.Method.invoke(Ljava/lang/Object;[Ljava/lang/Object;)Ljava/lang/Object;+56
j  org.codehaus.plexus.classworlds.launcher.Launcher.launchEnhanced([Ljava/lang/String;)V+45
j  org.codehaus.plexus.classworlds.launcher.Launcher.launch([Ljava/lang/String;)V+2
j  org.codehaus.plexus.classworlds.launcher.Launcher.mainWithExitCode([Ljava/lang/String;)I+101
j  org.codehaus.plexus.classworlds.launcher.Launcher.main([Ljava/lang/String;)V+1
j  org.codehaus.classworlds.Launcher.main([Ljava/lang/String;)V+1
v  ~StubRoutines::call_stub

---------------  P R O C E S S  ---------------

Java Threads: ( => current thread )
  0x00007f92cb055000 JavaThread "Service Thread" daemon [_thread_blocked, id=43267, stack(0x000070000d33f000,0x000070000d43f000)]
  0x00007f92cc068000 JavaThread "C1 CompilerThread3" daemon [_thread_blocked, id=21763, stack(0x000070000d23c000,0x000070000d33c000)]
  0x00007f92cb042000 JavaThread "C2 CompilerThread2" daemon [_thread_in_native, id=14595, stack(0x000070000d139000,0x000070000d239000)]
  0x00007f92cd80d000 JavaThread "C2 CompilerThread1" daemon [_thread_in_native, id=15107, stack(0x000070000d036000,0x000070000d136000)]
  0x00007f92ce001000 JavaThread "C2 CompilerThread0" daemon [_thread_in_native, id=14083, stack(0x000070000cf33000,0x000070000d033000)]
  0x00007f92cb041000 JavaThread "JDWP Command Reader" daemon [_thread_in_native, id=13571, stack(0x000070000ce30000,0x000070000cf30000)]
  0x00007f92cc01f000 JavaThread "JDWP Event Helper Thread" daemon [_thread_blocked, id=13315, stack(0x000070000cd2d000,0x000070000ce2d000)]
  0x00007f92cc01e000 JavaThread "JDWP Transport Listener: dt_socket" daemon [_thread_blocked, id=16135, stack(0x000070000cc2a000,0x000070000cd2a000)]
  0x00007f92cb02e800 JavaThread "Signal Dispatcher" daemon [_thread_blocked, id=13059, stack(0x000070000cb27000,0x000070000cc27000)]
  0x00007f92ca81e800 JavaThread "Finalizer" daemon [_thread_blocked, id=12291, stack(0x000070000ca24000,0x000070000cb24000)]
  0x00007f92ca807000 JavaThread "Reference Handler" daemon [_thread_blocked, id=12035, stack(0x000070000c921000,0x000070000ca21000)]
=>0x00007f92cb808000 JavaThread "main" [_thread_in_native, id=9475, stack(0x000070000bf03000,0x000070000c003000)]

Other Threads:
  0x00007f92cc012000 VMThread [stack: 0x000070000c81e000,0x000070000c91e000] [id=19203]
  0x00007f92cb828800 WatcherThread [stack: 0x000070000d442000,0x000070000d542000] [id=43011]

VM state:not at safepoint (normal execution)

VM Mutex/Monitor currently owned by a thread: None

heap address: 0x00000006c0000000, size: 4096 MB, Compressed Oops mode: Zero based, Oop shift amount: 3
Narrow klass base: 0x0000000000000000, Narrow klass shift: 3
Compressed class space size: 1073741824 Address: 0x00000007c0000000

Heap:
 PSYoungGen      total 141824K, used 15895K [0x000000076ab00000, 0x000000077c700000, 0x00000007c0000000)
  eden space 131072K, 12% used [0x000000076ab00000,0x000000076ba85d90,0x0000000772b00000)
  from space 10752K, 0% used [0x0000000772b00000,0x0000000772b00000,0x0000000773580000)
  to   space 14336K, 0% used [0x000000077b900000,0x000000077b900000,0x000000077c700000)
 ParOldGen       total 92160K, used 11670K [0x00000006c0000000, 0x00000006c5a00000, 0x000000076ab00000)
  object space 92160K, 12% used [0x00000006c0000000,0x00000006c0b65980,0x00000006c5a00000)
 Metaspace       used 22925K, capacity 23494K, committed 23808K, reserved 1071104K
  class space    used 2602K, capacity 2769K, committed 2816K, reserved 1048576K

Card table byte_map: [0x0000000126945000,0x0000000127146000] byte_map_base: 0x0000000123345000

Marking Bits: (ParMarkBitMap*) 0x0000000116170020
 Begin Bits: [0x000000012769c000, 0x000000012b69c000)
 End Bits:   [0x000000012b69c000, 0x000000012f69c000)

Polling page: 0x0000000108593000

CodeCache: size=245760Kb used=12730Kb max_used=12730Kb free=233029Kb
 bounds [0x0000000117585000, 0x0000000118205000, 0x0000000126585000]
 total_blobs=3904 nmethods=3521 adapters=305
 compilation: enabled

Compilation events (10 events):
Event: 3.692 Thread 0x00007f92cc068000 3558       1       java.util.logging.LogManager::access$1400 (5 bytes)
Event: 3.692 Thread 0x00007f92cc068000 nmethod 3558 0x00000001181fb3d0 code [0x00000001181fb520, 0x00000001181fb610]
Event: 3.692 Thread 0x00007f92cc068000 3559       1       com.sun.org.apache.xerces.internal.utils.XMLSecurityManager$Limit::systemProperty (5 bytes)
Event: 3.692 Thread 0x00007f92cc068000 nmethod 3559 0x00000001181fb690 code [0x00000001181fb7e0, 0x00000001181fb8f0]
Event: 3.694 Thread 0x00007f92cc068000 3560       3       com.sun.org.apache.xerces.internal.xni.QName::clear (21 bytes)
Event: 3.694 Thread 0x00007f92cc068000 nmethod 3560 0x00000001181fb950 code [0x00000001181fbaa0, 0x00000001181fbc50]
Event: 3.694 Thread 0x00007f92cc068000 3562       3       com.sun.org.apache.xerces.internal.util.PropertyState::isExceptional (8 bytes)
Event: 3.694 Thread 0x00007f92cc068000 nmethod 3562 0x00000001181fbcd0 code [0x00000001181fbe40, 0x00000001181fc030]
Event: 3.694 Thread 0x00007f92cc068000 3561       3       com.sun.org.apache.xerces.internal.xni.QName::<init> (9 bytes)
Event: 3.695 Thread 0x00007f92cc068000 nmethod 3561 0x00000001181fc0d0 code [0x00000001181fc240, 0x00000001181fc4b0]

GC Heap History (10 events):
Event: 1.652 GC heap before
{Heap before GC invocations=2 (full 0):
 PSYoungGen      total 76288K, used 73486K [0x000000076ab00000, 0x0000000770000000, 0x00000007c0000000)
  eden space 65536K, 100% used [0x000000076ab00000,0x000000076eb00000,0x000000076eb00000)
  from space 10752K, 73% used [0x000000076eb00000,0x000000076f2c3878,0x000000076f580000)
  to   space 10752K, 0% used [0x000000076f580000,0x000000076f580000,0x0000000770000000)
 ParOldGen       total 175104K, used 16K [0x00000006c0000000, 0x00000006cab00000, 0x000000076ab00000)
  object space 175104K, 0% used [0x00000006c0000000,0x00000006c0004000,0x00000006cab00000)
 Metaspace       used 15838K, capacity 16126K, committed 16384K, reserved 1062912K
  class space    used 1874K, capacity 1975K, committed 2048K, reserved 1048576K
Event: 1.668 GC heap after
Heap after GC invocations=2 (full 0):
 PSYoungGen      total 76288K, used 10192K [0x000000076ab00000, 0x0000000774000000, 0x00000007c0000000)
  eden space 65536K, 0% used [0x000000076ab00000,0x000000076ab00000,0x000000076eb00000)
  from space 10752K, 94% used [0x000000076f580000,0x000000076ff742f0,0x0000000770000000)
  to   space 10752K, 0% used [0x000000076eb00000,0x000000076eb00000,0x000000076f580000)
 ParOldGen       total 175104K, used 24K [0x00000006c0000000, 0x00000006cab00000, 0x000000076ab00000)
  object space 175104K, 0% used [0x00000006c0000000,0x00000006c0006000,0x00000006cab00000)
 Metaspace       used 15838K, capacity 16126K, committed 16384K, reserved 1062912K
  class space    used 1874K, capacity 1975K, committed 2048K, reserved 1048576K
}
Event: 2.430 GC heap before
{Heap before GC invocations=3 (full 0):
 PSYoungGen      total 76288K, used 75728K [0x000000076ab00000, 0x0000000774000000, 0x00000007c0000000)
  eden space 65536K, 100% used [0x000000076ab00000,0x000000076eb00000,0x000000076eb00000)
  from space 10752K, 94% used [0x000000076f580000,0x000000076ff742f0,0x0000000770000000)
  to   space 10752K, 0% used [0x000000076eb00000,0x000000076eb00000,0x000000076f580000)
 ParOldGen       total 175104K, used 24K [0x00000006c0000000, 0x00000006cab00000, 0x000000076ab00000)
  object space 175104K, 0% used [0x00000006c0000000,0x00000006c0006000,0x00000006cab00000)
 Metaspace       used 17025K, capacity 17384K, committed 17792K, reserved 1064960K
  class space    used 1966K, capacity 2050K, committed 2176K, reserved 1048576K
Event: 2.440 GC heap after
Heap after GC invocations=3 (full 0):
 PSYoungGen      total 76288K, used 9962K [0x000000076ab00000, 0x0000000774000000, 0x00000007c0000000)
  eden space 65536K, 0% used [0x000000076ab00000,0x000000076ab00000,0x000000076eb00000)
  from space 10752K, 92% used [0x000000076eb00000,0x000000076f4ba818,0x000000076f580000)
  to   space 10752K, 0% used [0x0000000773580000,0x0000000773580000,0x0000000774000000)
 ParOldGen       total 175104K, used 32K [0x00000006c0000000, 0x00000006cab00000, 0x000000076ab00000)
  object space 175104K, 0% used [0x00000006c0000000,0x00000006c0008000,0x00000006cab00000)
 Metaspace       used 17025K, capacity 17384K, committed 17792K, reserved 1064960K
  class space    used 1966K, capacity 2050K, committed 2176K, reserved 1048576K
}
Event: 3.275 GC heap before
{Heap before GC invocations=4 (full 0):
 PSYoungGen      total 76288K, used 75498K [0x000000076ab00000, 0x0000000774000000, 0x00000007c0000000)
  eden space 65536K, 100% used [0x000000076ab00000,0x000000076eb00000,0x000000076eb00000)
  from space 10752K, 92% used [0x000000076eb00000,0x000000076f4ba818,0x000000076f580000)
  to   space 10752K, 0% used [0x0000000773580000,0x0000000773580000,0x0000000774000000)
 ParOldGen       total 175104K, used 32K [0x00000006c0000000, 0x00000006cab00000, 0x000000076ab00000)
  object space 175104K, 0% used [0x00000006c0000000,0x00000006c0008000,0x00000006cab00000)
 Metaspace       used 20025K, capacity 20494K, committed 20608K, reserved 1067008K
  class space    used 2293K, capacity 2429K, committed 2432K, reserved 1048576K
Event: 3.290 GC heap after
Heap after GC invocations=4 (full 0):
 PSYoungGen      total 141824K, used 10737K [0x000000076ab00000, 0x0000000774000000, 0x00000007c0000000)
  eden space 131072K, 0% used [0x000000076ab00000,0x000000076ab00000,0x0000000772b00000)
  from space 10752K, 99% used [0x0000000773580000,0x0000000773ffc430,0x0000000774000000)
  to   space 10752K, 0% used [0x0000000772b00000,0x0000000772b00000,0x0000000773580000)
 ParOldGen       total 175104K, used 3609K [0x00000006c0000000, 0x00000006cab00000, 0x000000076ab00000)
  object space 175104K, 2% used [0x00000006c0000000,0x00000006c0386400,0x00000006cab00000)
 Metaspace       used 20025K, capacity 20494K, committed 20608K, reserved 1067008K
  class space    used 2293K, capacity 2429K, committed 2432K, reserved 1048576K
}
Event: 3.317 GC heap before
{Heap before GC invocations=5 (full 0):
 PSYoungGen      total 141824K, used 14630K [0x000000076ab00000, 0x0000000774000000, 0x00000007c0000000)
  eden space 131072K, 2% used [0x000000076ab00000,0x000000076aecd6b0,0x0000000772b00000)
  from space 10752K, 99% used [0x0000000773580000,0x0000000773ffc430,0x0000000774000000)
  to   space 10752K, 0% used [0x0000000772b00000,0x0000000772b00000,0x0000000773580000)
 ParOldGen       total 175104K, used 3609K [0x00000006c0000000, 0x00000006cab00000, 0x000000076ab00000)
  object space 175104K, 2% used [0x00000006c0000000,0x00000006c0386400,0x00000006cab00000)
 Metaspace       used 20554K, capacity 21070K, committed 21248K, reserved 1069056K
  class space    used 2349K, capacity 2493K, committed 2560K, reserved 1048576K
Event: 3.329 GC heap after
Heap after GC invocations=5 (full 0):
 PSYoungGen      total 141824K, used 10737K [0x000000076ab00000, 0x000000077c700000, 0x00000007c0000000)
  eden space 131072K, 0% used [0x000000076ab00000,0x000000076ab00000,0x0000000772b00000)
  from space 10752K, 99% used [0x0000000772b00000,0x000000077357c410,0x0000000773580000)
  to   space 14336K, 0% used [0x000000077b900000,0x000000077b900000,0x000000077c700000)
 ParOldGen       total 175104K, used 3674K [0x00000006c0000000, 0x00000006cab00000, 0x000000076ab00000)
  object space 175104K, 2% used [0x00000006c0000000,0x00000006c0396818,0x00000006cab00000)
 Metaspace       used 20554K, capacity 21070K, committed 21248K, reserved 1069056K
  class space    used 2349K, capacity 2493K, committed 2560K, reserved 1048576K
}
Event: 3.329 GC heap before
{Heap before GC invocations=6 (full 1):
 PSYoungGen      total 141824K, used 10737K [0x000000076ab00000, 0x000000077c700000, 0x00000007c0000000)
  eden space 131072K, 0% used [0x000000076ab00000,0x000000076ab00000,0x0000000772b00000)
  from space 10752K, 99% used [0x0000000772b00000,0x000000077357c410,0x0000000773580000)
  to   space 14336K, 0% used [0x000000077b900000,0x000000077b900000,0x000000077c700000)
 ParOldGen       total 175104K, used 3674K [0x00000006c0000000, 0x00000006cab00000, 0x000000076ab00000)
  object space 175104K, 2% used [0x00000006c0000000,0x00000006c0396818,0x00000006cab00000)
 Metaspace       used 20554K, capacity 21070K, committed 21248K, reserved 1069056K
  class space    used 2349K, capacity 2493K, committed 2560K, reserved 1048576K
Event: 3.381 GC heap after
Heap after GC invocations=6 (full 1):
 PSYoungGen      total 141824K, used 0K [0x000000076ab00000, 0x000000077c700000, 0x00000007c0000000)
  eden space 131072K, 0% used [0x000000076ab00000,0x000000076ab00000,0x0000000772b00000)
  from space 10752K, 0% used [0x0000000772b00000,0x0000000772b00000,0x0000000773580000)
  to   space 14336K, 0% used [0x000000077b900000,0x000000077b900000,0x000000077c700000)
 ParOldGen       total 92160K, used 11670K [0x00000006c0000000, 0x00000006c5a00000, 0x000000076ab00000)
  object space 92160K, 12% used [0x00000006c0000000,0x00000006c0b65980,0x00000006c5a00000)
 Metaspace       used 20554K, capacity 21070K, committed 21248K, reserved 1069056K
  class space    used 2349K, capacity 2493K, committed 2560K, reserved 1048576K
}

Deoptimization events (10 events):
Event: 3.492 Thread 0x00007f92cb808000 Uncommon trap: reason=class_check action=maybe_recompile pc=0x0000000117d96aa8 method=java.util.Hashtable.put(Ljava/lang/Object;Ljava/lang/Object;)Ljava/lang/Object; @ 18
Event: 3.493 Thread 0x00007f92cb808000 Uncommon trap: reason=class_check action=maybe_recompile pc=0x0000000117d96aa8 method=java.util.Hashtable.put(Ljava/lang/Object;Ljava/lang/Object;)Ljava/lang/Object; @ 18
Event: 3.507 Thread 0x00007f92cb808000 Uncommon trap: reason=unstable_if action=reinterpret pc=0x000000011812fa4c method=java.lang.Class$MethodArray.matchesNameAndDescriptor(Ljava/lang/reflect/Method;Ljava/lang/reflect/Method;)Z @ 33
Event: 3.508 Thread 0x00007f92cb808000 Uncommon trap: reason=unstable_if action=reinterpret pc=0x000000011811c1c4 method=java.lang.Class$MethodArray.matchesNameAndDescriptor(Ljava/lang/reflect/Method;Ljava/lang/reflect/Method;)Z @ 33
Event: 3.586 Thread 0x00007f92cb808000 Uncommon trap: reason=unstable_if action=reinterpret pc=0x0000000118183634 method=com.sun.org.apache.xerces.internal.impl.XMLEntityScanner.skipSpaces()Z @ 14
Event: 3.618 Thread 0x00007f92cb808000 Uncommon trap: reason=unstable_if action=reinterpret pc=0x00000001181a2ae0 method=com.sun.org.apache.xerces.internal.util.SymbolTable.addSymbol([CII)Ljava/lang/String; @ 38
Event: 3.656 Thread 0x00007f92cb808000 Uncommon trap: reason=unstable_if action=reinterpret pc=0x00000001176df8a0 method=java.lang.CharacterData.of(I)Ljava/lang/CharacterData; @ 4
Event: 3.687 Thread 0x00007f92cb808000 Uncommon trap: reason=bimorphic action=maybe_recompile pc=0x000000011810d1c8 method=java.util.Hashtable.get(Ljava/lang/Object;)Ljava/lang/Object; @ 6
Event: 3.689 Thread 0x00007f92cb808000 Uncommon trap: reason=bimorphic action=maybe_recompile pc=0x000000011810d1c8 method=java.util.Hashtable.get(Ljava/lang/Object;)Ljava/lang/Object; @ 6
Event: 3.689 Thread 0x00007f92cb808000 Uncommon trap: reason=bimorphic action=maybe_recompile pc=0x000000011810d1c8 method=java.util.Hashtable.get(Ljava/lang/Object;)Ljava/lang/Object; @ 6

Classes redefined (0 events):
No events

Internal exceptions (10 events):
Event: 1.309 Thread 0x00007f92cb808000 Exception <a 'java/lang/NullPointerException'> (0x000000076d286cb8) thrown at [/Users/builduser/buildAgent/work/1f4c1a3a97561f22/hotspot/src/share/vm/interpreter/linkResolver.cpp, line 1185]
Event: 1.309 Thread 0x00007f92cb808000 Exception <a 'java/lang/NullPointerException'> (0x000000076d286ed0) thrown at [/Users/builduser/buildAgent/work/1f4c1a3a97561f22/hotspot/src/share/vm/interpreter/linkResolver.cpp, line 1185]
Event: 1.309 Thread 0x00007f92cb808000 Exception <a 'java/lang/NullPointerException'> (0x000000076d2870e8) thrown at [/Users/builduser/buildAgent/work/1f4c1a3a97561f22/hotspot/src/share/vm/interpreter/linkResolver.cpp, line 1185]
Event: 1.336 Thread 0x00007f92cb808000 Implicit null exception at 0x0000000117908ef6 to 0x00000001179093fd
Event: 1.336 Thread 0x00007f92cb808000 Implicit null exception at 0x00000001177cba76 to 0x00000001177cbf71
Event: 1.562 Thread 0x00007f92cb808000 Implicit null exception at 0x0000000117939b74 to 0x0000000117939e2d
Event: 1.562 Thread 0x00007f92cb808000 Implicit null exception at 0x00000001177fc5af to 0x00000001177fc61d
Event: 1.564 Thread 0x00007f92cb808000 Implicit null exception at 0x0000000117c09dbb to 0x0000000117c0a965
Event: 1.581 Thread 0x00007f92cb808000 Implicit null exception at 0x000000011790ed7b to 0x000000011790f431
Event: 3.072 Thread 0x00007f92cb808000 Exception <a 'java/io/FileNotFoundException'> (0x000000076df10048) thrown at [/Users/builduser/buildAgent/work/1f4c1a3a97561f22/hotspot/src/share/vm/prims/jni.cpp, line 710]

Events (10 events):
Event: 3.705 Thread 0x00007f92cb808000 DEOPT PACKING pc=0x000000011773d471 sp=0x000070000bffd780
Event: 3.705 Thread 0x00007f92cb808000 DEOPT UNPACKING pc=0x00000001175cc4c4 sp=0x000070000bffd4f0 mode 1
Event: 3.705 Thread 0x00007f92cb808000 DEOPT PACKING pc=0x0000000117a65e68 sp=0x000070000bffd800
Event: 3.705 Thread 0x00007f92cb808000 DEOPT UNPACKING pc=0x00000001175cc4c4 sp=0x000070000bffd4f0 mode 1
Event: 3.706 loading class org/jetbrains/capture/org/objectweb/asm/FieldVisitor
Event: 3.706 loading class org/jetbrains/capture/org/objectweb/asm/FieldVisitor done
Event: 3.706 Thread 0x00007f92cb808000 DEOPT PACKING pc=0x000000011773d471 sp=0x000070000bffd780
Event: 3.706 Thread 0x00007f92cb808000 DEOPT UNPACKING pc=0x00000001175cc4c4 sp=0x000070000bffd4f0 mode 1
Event: 3.706 Thread 0x00007f92cb808000 DEOPT PACKING pc=0x0000000117a65e68 sp=0x000070000bffd800
Event: 3.706 Thread 0x00007f92cb808000 DEOPT UNPACKING pc=0x00000001175cc4c4 sp=0x000070000bffd4f0 mode 1


Dynamic libraries:
0x00000001080ca000 	/System/Library/Frameworks/Cocoa.framework/Versions/A/Cocoa
0x00000001080ce000 	/System/Library/Frameworks/Security.framework/Versions/A/Security
0x0000000108571000 	/System/Library/Frameworks/ApplicationServices.framework/Versions/A/ApplicationServices
0x000000010857b000 	/usr/lib/libz.1.dylib
0x0000000108594000 	/usr/lib/libSystem.B.dylib
0x000000010859e000 	/usr/lib/libobjc.A.dylib
0x000000010949d000 	/System/Library/Frameworks/Foundation.framework/Versions/C/Foundation
0x0000000109b27000 	/System/Library/Frameworks/CoreFoundation.framework/Versions/A/CoreFoundation
0x000000010a207000 	/System/Library/Frameworks/AppKit.framework/Versions/C/AppKit
0x000000010b978000 	/System/Library/Frameworks/CoreData.framework/Versions/A/CoreData
0x0000000108edb000 	/System/Library/PrivateFrameworks/RemoteViewServices.framework/Versions/A/RemoteViewServices
0x0000000108f23000 	/System/Library/PrivateFrameworks/UIFoundation.framework/Versions/A/UIFoundation
0x00000001091be000 	/System/Library/PrivateFrameworks/XCTTargetBootstrap.framework/Versions/A/XCTTargetBootstrap
0x00000001091c9000 	/System/Library/Frameworks/CoreDisplay.framework/Versions/A/CoreDisplay
0x00000001092ea000 	/System/Library/PrivateFrameworks/IconServices.framework/Versions/A/IconServices
0x000000010beba000 	/System/Library/Frameworks/Metal.framework/Versions/A/Metal
0x000000010c088000 	/System/Library/PrivateFrameworks/DesktopServicesPriv.framework/Versions/A/DesktopServicesPriv
0x0000000108575000 	/usr/lib/libenergytrace.dylib
0x000000010c282000 	/System/Library/PrivateFrameworks/SkyLight.framework/Versions/A/SkyLight
0x000000010c618000 	/System/Library/Frameworks/CoreGraphics.framework/Versions/A/CoreGraphics
0x0000000109341000 	/System/Library/Frameworks/Accelerate.framework/Versions/A/Accelerate
0x0000000109345000 	/System/Library/Frameworks/IOSurface.framework/Versions/A/IOSurface
0x000000010936c000 	/System/Library/PrivateFrameworks/DFRFoundation.framework/Versions/A/DFRFoundation
0x000000010cdfc000 	/System/Library/Frameworks/AudioToolbox.framework/Versions/A/AudioToolbox
0x000000010938d000 	/System/Library/Frameworks/AudioUnit.framework/Versions/A/AudioUnit
0x000000010d1b6000 	/System/Library/PrivateFrameworks/DataDetectorsCore.framework/Versions/A/DataDetectorsCore
0x000000010d26e000 	/System/Library/Frameworks/Carbon.framework/Versions/A/Frameworks/HIToolbox.framework/Versions/A/HIToolbox
0x000000010d6e8000 	/usr/lib/libicucore.A.dylib
0x000000010da37000 	/System/Library/Frameworks/QuartzCore.framework/Versions/A/QuartzCore
0x0000000109398000 	/System/Library/Frameworks/Carbon.framework/Versions/A/Frameworks/SpeechRecognition.framework/Versions/A/SpeechRecognition
0x00000001093a8000 	/usr/lib/libauto.dylib
0x000000010dd8d000 	/usr/lib/libxml2.2.dylib
0x000000010dea8000 	/System/Library/PrivateFrameworks/CoreUI.framework/Versions/A/CoreUI
0x000000010e1ff000 	/System/Library/Frameworks/CoreAudio.framework/Versions/A/CoreAudio
0x00000001093ae000 	/System/Library/Frameworks/DiskArbitration.framework/Versions/A/DiskArbitration
0x00000001093be000 	/usr/lib/liblangid.dylib
0x000000010e2b1000 	/System/Library/PrivateFrameworks/MultitouchSupport.framework/Versions/A/MultitouchSupport
0x000000010e2ee000 	/System/Library/Frameworks/IOKit.framework/Versions/A/IOKit
0x00000001093c4000 	/usr/lib/libDiagnosticMessagesClient.dylib
0x00000001093cb000 	/System/Library/Frameworks/CoreServices.framework/Versions/A/CoreServices
0x000000010e3c5000 	/System/Library/PrivateFrameworks/PerformanceAnalysis.framework/Versions/A/PerformanceAnalysis
0x000000010e3f3000 	/System/Library/Frameworks/OpenGL.framework/Versions/A/OpenGL
0x000000010e40d000 	/System/Library/Frameworks/ColorSync.framework/Versions/A/ColorSync
0x000000010e5ae000 	/System/Library/Frameworks/CoreImage.framework/Versions/A/CoreImage
0x000000010ea79000 	/System/Library/Frameworks/CoreText.framework/Versions/A/CoreText
0x000000010ecab000 	/System/Library/Frameworks/ImageIO.framework/Versions/A/ImageIO
0x000000010eef9000 	/System/Library/PrivateFrameworks/Backup.framework/Versions/A/Backup
0x000000010f017000 	/usr/lib/libarchive.2.dylib
0x000000010f04b000 	/System/Library/Frameworks/CFNetwork.framework/Versions/A/CFNetwork
0x000000010f714000 	/System/Library/Frameworks/SystemConfiguration.framework/Versions/A/SystemConfiguration
0x000000010f7ba000 	/usr/lib/libCRFSuite.dylib
0x000000010f809000 	/usr/lib/libc++.1.dylib
0x000000010f8bc000 	/usr/lib/libc++abi.dylib
0x000000010f8e8000 	/usr/lib/system/libcache.dylib
0x000000010f8f2000 	/usr/lib/system/libcommonCrypto.dylib
0x000000010f90a000 	/usr/lib/system/libcompiler_rt.dylib
0x000000010f91f000 	/usr/lib/system/libcopyfile.dylib
0x000000010f92f000 	/usr/lib/system/libcorecrypto.dylib
0x000000010f9d0000 	/usr/lib/system/libdispatch.dylib
0x000000010fa3a000 	/usr/lib/system/libdyld.dylib
0x000000010fa85000 	/usr/lib/system/libkeymgr.dylib
0x000000010fa8a000 	/usr/lib/system/liblaunch.dylib
0x000000010fa91000 	/usr/lib/system/libmacho.dylib
0x000000010fa9d000 	/usr/lib/system/libquarantine.dylib
0x000000010faa6000 	/usr/lib/system/libremovefile.dylib
0x000000010faad000 	/usr/lib/system/libsystem_asl.dylib
0x000000010fad2000 	/usr/lib/system/libsystem_blocks.dylib
0x000000010fad7000 	/usr/lib/system/libsystem_c.dylib
0x000000010fb87000 	/usr/lib/system/libsystem_configuration.dylib
0x000000010fb91000 	/usr/lib/system/libsystem_coreservices.dylib
0x000000010fb9a000 	/usr/lib/system/libsystem_darwin.dylib
0x000000010fbab000 	/usr/lib/system/libsystem_dnssd.dylib
0x000000010fbb7000 	/usr/lib/system/libsystem_info.dylib
0x000000010fc19000 	/usr/lib/system/libsystem_m.dylib
0x000000010fc73000 	/usr/lib/system/libsystem_malloc.dylib
0x000000010fcad000 	/usr/lib/system/libsystem_networkextension.dylib
0x000000010fcc3000 	/usr/lib/system/libsystem_notify.dylib
0x000000010fcd1000 	/usr/lib/system/libsystem_sandbox.dylib
0x000000010fcdb000 	/usr/lib/system/libsystem_secinit.dylib
0x000000010fce3000 	/usr/lib/system/libsystem_kernel.dylib
0x000000010fd26000 	/usr/lib/system/libsystem_platform.dylib
0x000000010fd38000 	/usr/lib/system/libsystem_pthread.dylib
0x000000010fd4d000 	/usr/lib/system/libsystem_symptoms.dylib
0x000000010fd5b000 	/usr/lib/system/libsystem_trace.dylib
0x000000010fd7f000 	/usr/lib/system/libunwind.dylib
0x000000010fd8c000 	/usr/lib/system/libxpc.dylib
0x000000010fddf000 	/usr/lib/libbsm.0.dylib
0x000000010fdf9000 	/usr/lib/system/libkxld.dylib
0x000000010fe0b000 	/System/Library/PrivateFrameworks/AppleFSCompression.framework/Versions/A/AppleFSCompression
0x000000010fe24000 	/usr/lib/libOpenScriptingUtil.dylib
0x000000010fe29000 	/usr/lib/libcoretls.dylib
0x000000010fe4b000 	/usr/lib/libcoretls_cfhelpers.dylib
0x000000010fe52000 	/usr/lib/libpam.2.dylib
0x000000010fe5c000 	/usr/lib/libsqlite3.dylib
0x0000000110064000 	/usr/lib/libxar.1.dylib
0x000000011007b000 	/usr/lib/libbz2.1.0.dylib
0x000000011008e000 	/usr/lib/liblzma.5.dylib
0x00000001100ae000 	/usr/lib/libnetwork.dylib
0x0000000110499000 	/usr/lib/libapple_nghttp2.dylib
0x00000001104bb000 	/usr/lib/libpcap.A.dylib
0x0000000110600000 	/System/Library/Frameworks/CoreServices.framework/Versions/A/Frameworks/FSEvents.framework/Versions/A/FSEvents
0x0000000110610000 	/System/Library/Frameworks/CoreServices.framework/Versions/A/Frameworks/CarbonCore.framework/Versions/A/CarbonCore
0x000000011095e000 	/System/Library/Frameworks/CoreServices.framework/Versions/A/Frameworks/Metadata.framework/Versions/A/Metadata
0x0000000110a75000 	/System/Library/Frameworks/CoreServices.framework/Versions/A/Frameworks/OSServices.framework/Versions/A/OSServices
0x0000000110afe000 	/System/Library/Frameworks/CoreServices.framework/Versions/A/Frameworks/SearchKit.framework/Versions/A/SearchKit
0x0000000110ba7000 	/System/Library/Frameworks/CoreServices.framework/Versions/A/Frameworks/AE.framework/Versions/A/AE
0x0000000110c56000 	/System/Library/Frameworks/CoreServices.framework/Versions/A/Frameworks/LaunchServices.framework/Versions/A/LaunchServices
0x0000000110f10000 	/System/Library/Frameworks/CoreServices.framework/Versions/A/Frameworks/DictionaryServices.framework/Versions/A/DictionaryServices
0x0000000110f8b000 	/System/Library/Frameworks/CoreServices.framework/Versions/A/Frameworks/SharedFileList.framework/Versions/A/SharedFileList
0x0000000110fce000 	/System/Library/Frameworks/NetFS.framework/Versions/A/NetFS
0x0000000110fe4000 	/System/Library/PrivateFrameworks/NetAuth.framework/Versions/A/NetAuth
0x0000000110ffa000 	/System/Library/PrivateFrameworks/login.framework/Versions/A/Frameworks/loginsupport.framework/Versions/A/loginsupport
0x0000000111002000 	/System/Library/PrivateFrameworks/TCC.framework/Versions/A/TCC
0x000000011101b000 	/System/Library/PrivateFrameworks/CoreNLP.framework/Versions/A/CoreNLP
0x00000001110df000 	/System/Library/PrivateFrameworks/MetadataUtilities.framework/Versions/A/MetadataUtilities
0x000000011111d000 	/usr/lib/libmecabra.dylib
0x000000011137d000 	/System/Library/Frameworks/ApplicationServices.framework/Versions/A/Frameworks/ATS.framework/Versions/A/ATS
0x0000000111415000 	/System/Library/Frameworks/ApplicationServices.framework/Versions/A/Frameworks/ColorSyncLegacy.framework/Versions/A/ColorSyncLegacy
0x0000000111422000 	/System/Library/Frameworks/ApplicationServices.framework/Versions/A/Frameworks/HIServices.framework/Versions/A/HIServices
0x00000001114ae000 	/System/Library/Frameworks/ApplicationServices.framework/Versions/A/Frameworks/LangAnalysis.framework/Versions/A/LangAnalysis
0x00000001114cc000 	/System/Library/Frameworks/ApplicationServices.framework/Versions/A/Frameworks/PrintCore.framework/Versions/A/PrintCore
0x0000000111543000 	/System/Library/Frameworks/ApplicationServices.framework/Versions/A/Frameworks/QD.framework/Versions/A/QD
0x00000001115a8000 	/System/Library/Frameworks/ApplicationServices.framework/Versions/A/Frameworks/SpeechSynthesis.framework/Versions/A/SpeechSynthesis
0x00000001115c9000 	/usr/lib/libcompression.dylib
0x00000001115e9000 	/System/Library/Frameworks/MetalPerformanceShaders.framework/Versions/A/MetalPerformanceShaders
0x00000001115ef000 	/System/Library/Frameworks/Accelerate.framework/Versions/A/Frameworks/vImage.framework/Versions/A/vImage
0x0000000111ce8000 	/System/Library/Frameworks/Accelerate.framework/Versions/A/Frameworks/vecLib.framework/Versions/A/vecLib
0x0000000111cec000 	/System/Library/Frameworks/Accelerate.framework/Versions/A/Frameworks/vecLib.framework/Versions/A/libvMisc.dylib
0x0000000111dad000 	/System/Library/Frameworks/Accelerate.framework/Versions/A/Frameworks/vecLib.framework/Versions/A/libvDSP.dylib
0x0000000111fa3000 	/System/Library/Frameworks/Accelerate.framework/Versions/A/Frameworks/vecLib.framework/Versions/A/libBLAS.dylib
0x0000000112248000 	/System/Library/Frameworks/Accelerate.framework/Versions/A/Frameworks/vecLib.framework/Versions/A/libLAPACK.dylib
0x000000011264d000 	/System/Library/Frameworks/Accelerate.framework/Versions/A/Frameworks/vecLib.framework/Versions/A/libLinearAlgebra.dylib
0x000000011266b000 	/System/Library/Frameworks/Accelerate.framework/Versions/A/Frameworks/vecLib.framework/Versions/A/libSparseBLAS.dylib
0x0000000112686000 	/System/Library/Frameworks/Accelerate.framework/Versions/A/Frameworks/vecLib.framework/Versions/A/libQuadrature.dylib
0x0000000112690000 	/System/Library/Frameworks/Accelerate.framework/Versions/A/Frameworks/vecLib.framework/Versions/A/libBNNS.dylib
0x000000011270d000 	/System/Library/Frameworks/Accelerate.framework/Versions/A/Frameworks/vecLib.framework/Versions/A/libSparse.dylib
0x00000001127a2000 	/System/Library/PrivateFrameworks/GPUWrangler.framework/Versions/A/GPUWrangler
0x00000001127ae000 	/System/Library/PrivateFrameworks/IOAccelerator.framework/Versions/A/IOAccelerator
0x00000001127c1000 	/System/Library/PrivateFrameworks/IOPresentment.framework/Versions/A/IOPresentment
0x00000001127f6000 	/System/Library/PrivateFrameworks/DSExternalDisplay.framework/Versions/A/DSExternalDisplay
0x0000000112801000 	/System/Library/Frameworks/OpenGL.framework/Versions/A/Libraries/libCoreFSCache.dylib
0x000000011280e000 	/System/Library/Frameworks/MetalPerformanceShaders.framework/Frameworks/MPSCore.framework/Versions/A/MPSCore
0x0000000112841000 	/System/Library/Frameworks/MetalPerformanceShaders.framework/Frameworks/MPSImage.framework/Versions/A/MPSImage
0x00000001128f9000 	/System/Library/Frameworks/MetalPerformanceShaders.framework/Frameworks/MPSNeuralNetwork.framework/Versions/A/MPSNeuralNetwork
0x0000000112a9c000 	/System/Library/Frameworks/MetalPerformanceShaders.framework/Frameworks/MPSMatrix.framework/Versions/A/MPSMatrix
0x0000000112ad5000 	/System/Library/Frameworks/MetalPerformanceShaders.framework/Frameworks/MPSRayIntersector.framework/Versions/A/MPSRayIntersector
0x0000000112afb000 	/System/Library/PrivateFrameworks/MetalTools.framework/Versions/A/MetalTools
0x0000000112c3a000 	/System/Library/PrivateFrameworks/AggregateDictionary.framework/Versions/A/AggregateDictionary
0x0000000112c41000 	/usr/lib/libMobileGestalt.dylib
0x0000000112cb4000 	/System/Library/Frameworks/CoreVideo.framework/Versions/A/CoreVideo
0x0000000112d1e000 	/System/Library/PrivateFrameworks/GraphVisualizer.framework/Versions/A/GraphVisualizer
0x0000000112d38000 	/System/Library/PrivateFrameworks/FaceCore.framework/Versions/A/FaceCore
0x0000000113358000 	/System/Library/Frameworks/OpenCL.framework/Versions/A/OpenCL
0x00000001133cb000 	/usr/lib/libFosl_dynamic.dylib
0x0000000113661000 	/System/Library/PrivateFrameworks/OTSVG.framework/Versions/A/OTSVG
0x0000000113727000 	/System/Library/Frameworks/ApplicationServices.framework/Versions/A/Frameworks/ATS.framework/Versions/A/Resources/libFontParser.dylib
0x00000001138c1000 	/System/Library/Frameworks/ApplicationServices.framework/Versions/A/Frameworks/ATS.framework/Versions/A/Resources/libFontRegistry.dylib
0x0000000113932000 	/System/Library/Frameworks/ImageIO.framework/Versions/A/Resources/libJPEG.dylib
0x0000000113960000 	/System/Library/Frameworks/ImageIO.framework/Versions/A/Resources/libTIFF.dylib
0x00000001139be000 	/System/Library/Frameworks/ImageIO.framework/Versions/A/Resources/libPng.dylib
0x00000001139f0000 	/System/Library/Frameworks/ImageIO.framework/Versions/A/Resources/libGIF.dylib
0x00000001139fa000 	/System/Library/Frameworks/ImageIO.framework/Versions/A/Resources/libJP2.dylib
0x0000000113aff000 	/System/Library/Frameworks/ImageIO.framework/Versions/A/Resources/libRadiance.dylib
0x0000000113b06000 	/System/Library/PrivateFrameworks/AppleJPEG.framework/Versions/A/AppleJPEG
0x0000000113b5c000 	/System/Library/Frameworks/OpenGL.framework/Versions/A/Libraries/libGFXShared.dylib
0x0000000113b6c000 	/System/Library/Frameworks/OpenGL.framework/Versions/A/Libraries/libGLU.dylib
0x0000000113bba000 	/System/Library/Frameworks/OpenGL.framework/Versions/A/Libraries/libGL.dylib
0x0000000113bda000 	/System/Library/Frameworks/OpenGL.framework/Versions/A/Libraries/libGLImage.dylib
0x0000000113c1d000 	/System/Library/Frameworks/OpenGL.framework/Versions/A/Libraries/libCVMSPluginSupport.dylib
0x0000000113c25000 	/System/Library/Frameworks/OpenGL.framework/Versions/A/Libraries/libCoreVMClient.dylib
0x0000000113c33000 	/usr/lib/libcups.2.dylib
0x0000000113ca3000 	/System/Library/Frameworks/Kerberos.framework/Versions/A/Kerberos
0x0000000113cd6000 	/System/Library/Frameworks/GSS.framework/Versions/A/GSS
0x0000000113d26000 	/usr/lib/libresolv.9.dylib
0x0000000113d49000 	/usr/lib/libiconv.2.dylib
0x0000000113e4a000 	/System/Library/PrivateFrameworks/Heimdal.framework/Versions/A/Heimdal
0x0000000113ef0000 	/usr/lib/libheimdal-asn1.dylib
0x0000000113efc000 	/System/Library/Frameworks/OpenDirectory.framework/Versions/A/OpenDirectory
0x0000000113f1c000 	/System/Library/PrivateFrameworks/CommonAuth.framework/Versions/A/CommonAuth
0x0000000113f2d000 	/System/Library/Frameworks/OpenDirectory.framework/Versions/A/Frameworks/CFOpenDirectory.framework/Versions/A/CFOpenDirectory
0x0000000113f69000 	/System/Library/Frameworks/SecurityFoundation.framework/Versions/A/SecurityFoundation
0x0000000114064000 	/System/Library/PrivateFrameworks/APFS.framework/Versions/A/APFS
0x0000000114124000 	/usr/lib/libutil.dylib
0x000000011412e000 	/usr/lib/libcharset.1.dylib
0x0000000114133000 	/System/Library/PrivateFrameworks/AppleSauce.framework/Versions/A/AppleSauce
0x0000000114160000 	/System/Library/PrivateFrameworks/AssertionServices.framework/Versions/A/AssertionServices
0x0000000114194000 	/System/Library/PrivateFrameworks/BaseBoard.framework/Versions/A/BaseBoard
0x000000011426d000 	/usr/lib/libmecab.1.0.0.dylib
0x000000011432f000 	/usr/lib/libgermantok.dylib
0x000000011433a000 	/usr/lib/libThaiTokenizer.dylib
0x0000000114341000 	/usr/lib/libChineseTokenizer.dylib
0x000000011435a000 	/System/Library/PrivateFrameworks/LanguageModeling.framework/Versions/A/LanguageModeling
0x000000011445c000 	/System/Library/PrivateFrameworks/CoreEmoji.framework/Versions/A/CoreEmoji
0x0000000114477000 	/System/Library/PrivateFrameworks/Lexicon.framework/Versions/A/Lexicon
0x00000001144c3000 	/System/Library/PrivateFrameworks/LinguisticData.framework/Versions/A/LinguisticData
0x00000001144d0000 	/usr/lib/libcmph.dylib
0x00000001144e9000 	/System/Library/Frameworks/ServiceManagement.framework/Versions/A/ServiceManagement
0x00000001144f5000 	/System/Library/PrivateFrameworks/BackgroundTaskManagement.framework/Versions/A/BackgroundTaskManagement
0x0000000114509000 	/usr/lib/libxslt.1.dylib
0x000000011453f000 	/System/Library/Frameworks/Carbon.framework/Versions/A/Frameworks/Ink.framework/Versions/A/Ink
0x0000000114608000 	/System/Library/PrivateFrameworks/TextureIO.framework/Versions/A/TextureIO
0x00000001146ef000 	/usr/lib/libate.dylib
0x0000000114778000 	/System/Library/PrivateFrameworks/CrashReporterSupport.framework/Versions/A/CrashReporterSupport
0x000000011479b000 	/System/Library/PrivateFrameworks/Sharing.framework/Versions/A/Sharing
0x0000000114996000 	/System/Library/PrivateFrameworks/AuthKit.framework/Versions/A/AuthKit
0x0000000114ace000 	/System/Library/PrivateFrameworks/Apple80211.framework/Versions/A/Apple80211
0x0000000114b0b000 	/System/Library/PrivateFrameworks/CoreUtils.framework/Versions/A/CoreUtils
0x0000000114d95000 	/System/Library/Frameworks/CoreWLAN.framework/Versions/A/CoreWLAN
0x0000000114e7f000 	/System/Library/Frameworks/IOBluetooth.framework/Versions/A/IOBluetooth
0x000000011501a000 	/System/Library/PrivateFrameworks/ProtocolBuffer.framework/Versions/A/ProtocolBuffer
0x0000000115055000 	/System/Library/PrivateFrameworks/MobileKeyBag.framework/Versions/A/MobileKeyBag
0x0000000115088000 	/System/Library/PrivateFrameworks/CorePhoneNumbers.framework/Versions/A/CorePhoneNumbers
0x0000000115099000 	/System/Library/PrivateFrameworks/AppleIDAuthSupport.framework/Versions/A/AppleIDAuthSupport
0x00000001150b1000 	/System/Library/PrivateFrameworks/KeychainCircle.framework/Versions/A/KeychainCircle
0x00000001150da000 	/System/Library/PrivateFrameworks/ROCKit.framework/Versions/A/ROCKit
0x0000000115151000 	/System/Library/PrivateFrameworks/CoreWiFi.framework/Versions/A/CoreWiFi
0x0000000115215000 	/System/Library/Frameworks/CoreBluetooth.framework/Versions/A/CoreBluetooth
0x0000000115260000 	/System/Library/PrivateFrameworks/DebugSymbols.framework/Versions/A/DebugSymbols
0x00000001152bc000 	/System/Library/PrivateFrameworks/CoreSymbolication.framework/Versions/A/CoreSymbolication
0x0000000115392000 	/System/Library/PrivateFrameworks/Symbolication.framework/Versions/A/Symbolication
0x0000000115479000 	/System/Library/PrivateFrameworks/SpeechRecognitionCore.framework/Versions/A/SpeechRecognitionCore
0x00000001158c5000 	/System/Library/CoreServices/Encodings/libSimplifiedChineseConverter.dylib
0x00000001158d9000 	/Applications/IntelliJ IDEA.app/Contents/jdk/Contents/Home/jre/lib/server/libjvm.dylib
0x0000000117400000 	/usr/lib/libstdc++.6.dylib
0x00000001163de000 	/Applications/IntelliJ IDEA.app/Contents/jdk/Contents/Home/jre/lib/libverify.dylib
0x00000001174b3000 	/Applications/IntelliJ IDEA.app/Contents/jdk/Contents/Home/jre/lib/libjava.dylib
0x00000001174e8000 	/Applications/IntelliJ IDEA.app/Contents/jdk/Contents/Home/jre/lib/libjdwp.dylib
0x00000001163eb000 	/Applications/IntelliJ IDEA.app/Contents/jdk/Contents/Home/jre/lib/libnpt.dylib
0x0000000117525000 	/Applications/IntelliJ IDEA.app/Contents/jdk/Contents/Home/jre/lib/libinstrument.dylib
0x00000001163f7000 	/Applications/IntelliJ IDEA.app/Contents/jdk/Contents/Home/jre/lib/libzip.dylib
0x00000001324ee000 	/Applications/IntelliJ IDEA.app/Contents/jdk/Contents/Home/jre/lib/libdt_socket.dylib
0x00000001326de000 	/Applications/IntelliJ IDEA.app/Contents/jdk/Contents/Home/jre/lib/libnio.dylib
0x00000001326ee000 	/Applications/IntelliJ IDEA.app/Contents/jdk/Contents/Home/jre/lib/./libnet.dylib
0x000000013274d000 	/private/var/folders/yj/l93sdz0d2lx5w8m2_ltp3zqc0000gn/T/libjansi-1.17.1-5308085433600814441.jnilib
0x0000000132778000 	/Applications/IntelliJ IDEA.app/Contents/jdk/Contents/Home/jre/lib/libmanagement.dylib

VM Arguments:
jvm_args: -agentlib:jdwp=transport=dt_socket,address=127.0.0.1:57799,suspend=y,server=n -Dmaven.multiModuleProjectDirectory=/Users/zhou/Desktop/itcast_health/health_jobs -DarchetypeCatalog=internal -Dfile.encoding=gb2312 -Dmaven.home=/usr/local/Cellar/maven@3.5/3.5.4/libexec -Dclassworlds.conf=/usr/local/Cellar/maven@3.5/3.5.4/libexec/bin/m2.conf -javaagent:/Users/zhou/Library/Caches/IntelliJIdea2019.1/captureAgent/debugger-agent.jar 
java_command: org.codehaus.classworlds.Launcher -Didea.version2019.1.4 -s /usr/local/Cellar/maven@3.5/3.5.4/libexec/conf/settings.xml -Dmaven.repo.local=/Users/zhou/maven/RepMaven tomcat7:run
java_class_path (initial): /usr/local/Cellar/maven@3.5/3.5.4/libexec/boot/plexus-classworlds-2.5.2.jar:/Applications/IntelliJ IDEA.app/Contents/lib/idea_rt.jar:/Users/zhou/Library/Caches/IntelliJIdea2019.1/captureAgent/debugger-agent.jar
Launcher Type: SUN_STANDARD

Environment Variables:
PATH=/usr/local/bin:/usr/bin:/bin:/usr/sbin:/sbin:/Applications/VMware Fusion.app/Contents/Public:/usr/local/mysql/bin
SHELL=/bin/bash

Signal Handlers:
SIGSEGV: [libjvm.dylib+0x585219], sa_mask[0]=11111111011111110111111111111111, sa_flags=SA_ONSTACK|SA_RESTART|SA_SIGINFO
SIGBUS: [libjvm.dylib+0x585219], sa_mask[0]=11111111011111110111111111111111, sa_flags=SA_RESTART|SA_SIGINFO
SIGFPE: [libjvm.dylib+0x45e610], sa_mask[0]=11111111011111110111111111111111, sa_flags=SA_RESTART|SA_SIGINFO
SIGPIPE: [libjvm.dylib+0x45e610], sa_mask[0]=11111111011111110111111111111111, sa_flags=SA_RESTART|SA_SIGINFO
SIGXFSZ: [libjvm.dylib+0x45e610], sa_mask[0]=11111111011111110111111111111111, sa_flags=SA_RESTART|SA_SIGINFO
SIGILL: [libjvm.dylib+0x45e610], sa_mask[0]=11111111011111110111111111111111, sa_flags=SA_RESTART|SA_SIGINFO
SIGUSR1: SIG_DFL, sa_mask[0]=00000000000000000000000000000000, sa_flags=none
SIGUSR2: [libjvm.dylib+0x45e12e], sa_mask[0]=00100000000000000000000000000000, sa_flags=SA_RESTART|SA_SIGINFO
SIGHUP: [libjvm.dylib+0x45c6b9], sa_mask[0]=11111111011111110111111111111111, sa_flags=SA_RESTART|SA_SIGINFO
SIGINT: [libjvm.dylib+0x45c6b9], sa_mask[0]=11111111011111110111111111111111, sa_flags=SA_RESTART|SA_SIGINFO
SIGTERM: [libjvm.dylib+0x45c6b9], sa_mask[0]=11111111011111110111111111111111, sa_flags=SA_RESTART|SA_SIGINFO
SIGQUIT: [libjvm.dylib+0x45c6b9], sa_mask[0]=11111111011111110111111111111111, sa_flags=SA_RESTART|SA_SIGINFO


---------------  S Y S T E M  ---------------

OS:Bsduname:Darwin 18.7.0 Darwin Kernel Version 18.7.0: Tue Aug 20 16:57:14 PDT 2019; root:xnu-4903.271.2~2/RELEASE_X86_64 x86_64
rlimit: STACK 8192k, CORE 0k, NPROC 1418, NOFILE 10240, AS infinity
load average:3.37 3.33 3.32

CPU:total 8 (initial active 8) (4 cores per cpu, 2 threads per core) family 6 model 70 stepping 1, cmov, cx8, fxsr, mmx, sse, sse2, sse3, ssse3, sse4.1, sse4.2, popcnt, avx, avx2, aes, clmul, erms, lzcnt, ht, tsc, tscinvbit, bmi1, bmi2

Memory: 4k page, physical 16777216k(2694420k free)

/proc/meminfo:


vm_info: OpenJDK 64-Bit Server VM (25.212-b4) for bsd-amd64 JRE (1.8.0_212-release-1586-b4), built on Jun 10 2019 07:35:38 by "builduser" with gcc 4.2.1 (Based on Apple Inc. build 5658) (LLVM build 2336.11.00)

time: Tue Oct 15 14:52:02 2019
timezone: CST
elapsed time: 3 seconds (0d 0h 0m 3s)

