#
# A fatal error has been detected by the Java Runtime Environment:
#
#  SIGBUS (0xa) at pc=0x000000010b3a0e92, pid=1283, tid=0x0000000000000d03
#
# JRE version: OpenJDK Runtime Environment (8.0_212-b04) (build 1.8.0_212-release-1586-b4)
# Java VM: OpenJDK 64-Bit Server VM (25.212-b4 mixed mode bsd-amd64 compressed oops)
# Problematic frame:
# C  [libzip.dylib+0x2e92]  newEntry+0x154
#
# Failed to write core dump. Core dumps have been disabled. To enable core dumping, try "ulimit -c unlimited" before starting Java again
#
# If you would like to submit a bug report, please visit:
#   http://bugreport.java.com/bugreport/crash.jsp
# The crash happened outside the Java Virtual Machine in native code.
# See problematic frame for where to report the bug.
#

---------------  T H R E A D  ---------------

Current thread (0x00007ff7fb801000):  JavaThread "main" [_thread_in_native, id=3331, stack(0x00007000076f6000,0x00007000077f6000)]

siginfo: si_signo: 10 (SIGBUS), si_code: 2 (BUS_ADRERR), si_addr: 0x0000000117529f1f

Registers:
RAX=0x00007ff7fb521740, RBX=0x0000000117529f13, RCX=0x0000000000000000, RDX=0x0000000000000005
RSP=0x00007000077ef650, RBP=0x00007000077ef6b0, RSI=0x0000000109747080, RDI=0x000000000000015b
R8 =0x000000007fd415bb, R9 =0x000000007fd415bf, R10=0x0000000087ffffff, R11=0x000000000000000a
R12=0x00007ff7fc04de00, R13=0x0000000000000300, R14=0x000000009eb85764, R15=0x00007ff7fd415a60
RIP=0x000000010b3a0e92, EFLAGS=0x0000000000010202, ERR=0x0000000000000004
  TRAPNO=0x000000000000000e

Top of Stack: (sp=0x00007000077ef650)
0x00007000077ef650:   0000000109747380 0000000009747380
0x00007000077ef660:   0000000000000006 0000000109751a00
0x00007000077ef670:   00007000077ef690 00007ff7fb521740
0x00007000077ef680:   00007ff7fd415ba0 00007ff7fb521740
0x00007000077ef690:   00007ff7fc04de00 0000000000000300
0x00007000077ef6a0:   000000009eb85764 00007ff7fd415a60
0x00007000077ef6b0:   00007000077ef710 000000010b3a152d
0x00007000077ef6c0:   00007000077ef769 00007000077ef768
0x00007000077ef6d0:   0000003900000000 0000003a01801000
0x00007000077ef6e0:   00007000077ef72e 00007000077efb78
0x00007000077ef6f0:   000000000000003a 00007000077ef72e
0x00007000077ef700:   00007ff7fb521740 00007ff7fb8011e0
0x00007000077ef710:   00007000077efb60 000000010b3a0238
0x00007000077ef720:   0000000000000000 726f000100000001
0x00007000077ef730:   61726274656a2f67 747061632f736e69
0x00007000077ef740:   2f67726f2f657275 65777463656a626f
0x00007000077ef750:   654d2f6d73612f62 74697257646f6874
0x00007000077ef760:   7373616c632e7265 00007fff6a4f0000
0x00007000077ef770:   0000000000000000 00007000077ef800
0x00007000077ef780:   0000000000000006 0000000000000b10
0x00007000077ef790:   00007000077ef7b0 00007fff6a4f677b
0x00007000077ef7a0:   0000000000000000 00007000077ef800
0x00007000077ef7b0:   00007000077ef7f0 000000010ac5b146
0x00007000077ef7c0:   0000000000000003 00007ff7fd415ab0
0x00007000077ef7d0:   000000000000000c 00007ff7fd415ab0
0x00007000077ef7e0:   000000000000000c 00007ff7fd415ab0
0x00007000077ef7f0:   00007000077ef840 000000010a9ee8b2
0x00007000077ef800:   0000000000000000 0000000000000000
0x00007000077ef810:   0000000000000000 0000000000000000
0x00007000077ef820:   0000000000000000 000000000000000a
0x00007000077ef830:   0000000000000003 000000000000001e
0x00007000077ef840:   00007000077f0660 000000010a9ef65b 

Instructions: (pc=0x000000010b3a0e92)
0x000000010b3a0e72:   49 8b 7f 38 e8 5b 1b 00 00 4d 89 77 38 49 89 5f
0x000000010b3a0e82:   40 4c 89 f0 48 85 c0 0f 84 11 05 00 00 48 89 c3
0x000000010b3a0e92:   0f b6 43 0c 0f b6 4b 0d 48 c1 e1 08 48 01 c1 0f
0x000000010b3a0ea2:   b6 43 0e 0f b6 53 0f 48 c1 e2 08 48 01 c2 48 c1 

Register to memory mapping:

RAX=0x00007ff7fb521740 is an unknown value
RBX=0x0000000117529f13 is an unknown value
RCX=0x0000000000000000 is an unknown value
RDX=0x0000000000000005 is an unknown value
RSP=0x00007000077ef650 is pointing into the stack for thread: 0x00007ff7fb801000
RBP=0x00007000077ef6b0 is pointing into the stack for thread: 0x00007ff7fb801000
RSI=0x0000000109747080 is an unknown value
RDI=0x000000000000015b is an unknown value
R8 =0x000000007fd415bb is an unknown value
R9 =0x000000007fd415bf is an unknown value
R10=0x0000000087ffffff is an unknown value
R11=0x000000000000000a is an unknown value
R12=0x00007ff7fc04de00 is an unknown value
R13=0x0000000000000300 is an unknown value
R14=0x000000009eb85764 is an unknown value
R15=0x00007ff7fd415a60 is an unknown value


Stack: [0x00007000076f6000,0x00007000077f6000],  sp=0x00007000077ef650,  free space=997k
Native frames: (J=compiled Java code, j=interpreted, Vv=VM code, C=native code)
C  [libzip.dylib+0x2e92]  newEntry+0x154
C  [libzip.dylib+0x352d]  ZIP_GetEntry2+0xd4
C  [libzip.dylib+0x2238]  Java_java_util_zip_ZipFile_getEntry+0xcf
J 109  java.util.zip.ZipFile.getEntry(J[BZ)J (0 bytes) @ 0x000000011879bbce [0x000000011879bb00+0xce]
J 330 C2 sun.misc.URLClassPath$JarLoader.getResource(Ljava/lang/String;Z)Lsun/misc/Resource; (85 bytes) @ 0x0000000118862190 [0x0000000118861c60+0x530]
J 515 C2 sun.misc.URLClassPath.getResource(Ljava/lang/String;Z)Lsun/misc/Resource; (83 bytes) @ 0x00000001188e8078 [0x00000001188e7f80+0xf8]
J 324 C1 java.net.URLClassLoader$1.run()Ljava/lang/Class; (63 bytes) @ 0x0000000118834144 [0x0000000118833f20+0x224]
J 323 C1 java.net.URLClassLoader$1.run()Ljava/lang/Object; (5 bytes) @ 0x0000000118834994 [0x0000000118834900+0x94]
v  ~StubRoutines::call_stub
V  [libjvm.dylib+0x2e2d8e]
V  [libjvm.dylib+0x326a6e]
J 270  java.security.AccessController.doPrivileged(Ljava/security/PrivilegedExceptionAction;Ljava/security/AccessControlContext;)Ljava/lang/Object; (0 bytes) @ 0x000000011880ed15 [0x000000011880ec40+0xd5]
J 268 C1 java.net.URLClassLoader.findClass(Ljava/lang/String;)Ljava/lang/Class; (47 bytes) @ 0x000000011880f5bc [0x000000011880f420+0x19c]
j  java.lang.ClassLoader.loadClass(Ljava/lang/String;Z)Ljava/lang/Class;+70
J 282 C1 sun.misc.Launcher$AppClassLoader.loadClass(Ljava/lang/String;Z)Ljava/lang/Class; (85 bytes) @ 0x000000011881156c [0x0000000118810ba0+0x9cc]
J 3320 C1 java.lang.ClassLoader.loadClass(Ljava/lang/String;)Ljava/lang/Class; (7 bytes) @ 0x0000000119216edc [0x0000000119216dc0+0x11c]
v  ~StubRoutines::call_stub
V  [libjvm.dylib+0x2e2d8e]
V  [libjvm.dylib+0x2e3532]
V  [libjvm.dylib+0x2e368a]
V  [libjvm.dylib+0x51183a]
V  [libjvm.dylib+0x510ff5]
V  [libjvm.dylib+0x511a56]
V  [libjvm.dylib+0x5120c7]
V  [libjvm.dylib+0x31e7bd]
V  [libjvm.dylib+0x327080]
C  [libverify.dylib+0x1381]  load_class_local+0x27
C  [libverify.dylib+0x1428]  load_class_global+0x1b
C  [libverify.dylib+0x14bb]  object_fullinfo_to_classclass+0x3c
C  [libverify.dylib+0x23c3]  merge_fullinfo_types+0x23a
C  [libverify.dylib+0x5557]  verify_method+0x2567
C  [libverify.dylib+0x7148]  VerifyClassForMajorVersion+0x460
C  [libjava.dylib+0x108f8]  VerifyClassCodesForMajorVersion+0x9
V  [libjvm.dylib+0x57afec]
V  [libjvm.dylib+0x57b36e]
V  [libjvm.dylib+0x2b6def]
V  [libjvm.dylib+0x2b70f9]
V  [libjvm.dylib+0x2b7131]
V  [libjvm.dylib+0x2b784d]
V  [libjvm.dylib+0x142691]
v  ~RuntimeStub::fast_new_instance_init_check Runtime1 stub
J 373 C1 com.intellij.rt.debugger.agent.CaptureAgent$CaptureTransformer.transform(Ljava/lang/ClassLoader;Ljava/lang/String;Ljava/lang/Class;Ljava/security/ProtectionDomain;[B)[B (194 bytes) @ 0x00000001188721e0 [0x0000000118870440+0x1da0]
J 2642 C2 sun.instrument.InstrumentationImpl.transform(Ljava/lang/ClassLoader;Ljava/lang/String;Ljava/lang/Class;Ljava/security/ProtectionDomain;[BZ)[B (38 bytes) @ 0x0000000118f48cd4 [0x0000000118f48b80+0x154]
v  ~StubRoutines::call_stub
V  [libjvm.dylib+0x2e2d8e]
V  [libjvm.dylib+0x2fd79e]
V  [libjvm.dylib+0x2ed87b]
C  [libinstrument.dylib+0xb412]  transformClassFile+0x1ad
C  [libinstrument.dylib+0x85d5]  eventHandlerClassFileLoadHook+0x8f
V  [libjvm.dylib+0x36f35d]
V  [libjvm.dylib+0x36f4d3]
V  [libjvm.dylib+0x36e39a]
V  [libjvm.dylib+0x187a8a]
V  [libjvm.dylib+0x18ad10]
V  [libjvm.dylib+0x511655]
V  [libjvm.dylib+0x510ff5]
V  [libjvm.dylib+0x511a56]
V  [libjvm.dylib+0x5120c7]
V  [libjvm.dylib+0x1df958]
V  [libjvm.dylib+0x4284ae]
V  [libjvm.dylib+0x2deb29]
j  java.util.concurrent.AbstractExecutorService.newTaskFor(Ljava/util/concurrent/Callable;)Ljava/util/concurrent/RunnableFuture;+0
j  java.util.concurrent.AbstractExecutorService.submit(Ljava/util/concurrent/Callable;)Ljava/util/concurrent/Future;+14
j  org.apache.catalina.core.ContainerBase.startInternal()V+190
j  org.apache.catalina.core.StandardEngine.startInternal()V+41
j  org.apache.catalina.util.LifecycleBase.start()V+210
j  org.apache.catalina.core.StandardService.startInternal()V+63
j  org.apache.catalina.util.LifecycleBase.start()V+210
j  org.apache.catalina.core.StandardServer.startInternal()V+45
j  org.apache.catalina.util.LifecycleBase.start()V+210
j  org.apache.catalina.startup.Tomcat.start()V+14
j  org.apache.tomcat.maven.plugin.tomcat7.run.AbstractRunMojo.startContainer()V+1023
j  org.apache.tomcat.maven.plugin.tomcat7.run.AbstractRunMojo.execute()V+118
j  org.apache.maven.plugin.DefaultBuildPluginManager.executeMojo(Lorg/apache/maven/execution/MavenSession;Lorg/apache/maven/plugin/MojoExecution;)V+152
j  org.apache.maven.lifecycle.internal.MojoExecutor.execute(Lorg/apache/maven/execution/MavenSession;Lorg/apache/maven/plugin/MojoExecution;Lorg/apache/maven/lifecycle/internal/ProjectIndex;Lorg/apache/maven/lifecycle/internal/DependencyContext;)V+215
j  org.apache.maven.lifecycle.internal.MojoExecutor.execute(Lorg/apache/maven/execution/MavenSession;Lorg/apache/maven/plugin/MojoExecution;Lorg/apache/maven/lifecycle/internal/ProjectIndex;Lorg/apache/maven/lifecycle/internal/DependencyContext;Lorg/apache/maven/lifecycle/internal/PhaseRecorder;)V+6
j  org.apache.maven.lifecycle.internal.MojoExecutor.execute(Lorg/apache/maven/execution/MavenSession;Ljava/util/List;Lorg/apache/maven/lifecycle/internal/ProjectIndex;)V+60
j  org.apache.maven.lifecycle.internal.LifecycleModuleBuilder.buildProject(Lorg/apache/maven/execution/MavenSession;Lorg/apache/maven/execution/MavenSession;Lorg/apache/maven/lifecycle/internal/ReactorContext;Lorg/apache/maven/project/MavenProject;Lorg/apache/maven/lifecycle/internal/TaskSegment;)V+179
j  org.apache.maven.lifecycle.internal.LifecycleModuleBuilder.buildProject(Lorg/apache/maven/execution/MavenSession;Lorg/apache/maven/lifecycle/internal/ReactorContext;Lorg/apache/maven/project/MavenProject;Lorg/apache/maven/lifecycle/internal/TaskSegment;)V+7
j  org.apache.maven.lifecycle.internal.builder.singlethreaded.SingleThreadedBuilder.build(Lorg/apache/maven/execution/MavenSession;Lorg/apache/maven/lifecycle/internal/ReactorContext;Lorg/apache/maven/lifecycle/internal/ProjectBuildList;Ljava/util/List;Lorg/apache/maven/lifecycle/internal/ReactorBuildStatus;)V+77
j  org.apache.maven.lifecycle.internal.LifecycleStarter.execute(Lorg/apache/maven/execution/MavenSession;)V+348
j  org.apache.maven.DefaultMaven.doExecute(Lorg/apache/maven/execution/MavenExecutionRequest;Lorg/apache/maven/execution/MavenSession;Lorg/apache/maven/execution/MavenExecutionResult;Lorg/eclipse/aether/DefaultRepositorySystemSession;)Lorg/apache/maven/execution/MavenExecutionResult;+425
j  org.apache.maven.DefaultMaven.doExecute(Lorg/apache/maven/execution/MavenExecutionRequest;)Lorg/apache/maven/execution/MavenExecutionResult;+98
j  org.apache.maven.DefaultMaven.execute(Lorg/apache/maven/execution/MavenExecutionRequest;)Lorg/apache/maven/execution/MavenExecutionResult;+2
j  org.apache.maven.cli.MavenCli.execute(Lorg/apache/maven/cli/CliRequest;)I+27
j  org.apache.maven.cli.MavenCli.doMain(Lorg/apache/maven/cli/CliRequest;)I+66
j  org.apache.maven.cli.MavenCli.main([Ljava/lang/String;Lorg/codehaus/plexus/classworlds/ClassWorld;)I+24
v  ~StubRoutines::call_stub
V  [libjvm.dylib+0x2e2d8e]
V  [libjvm.dylib+0x4a8690]
V  [libjvm.dylib+0x4a8bc4]
V  [libjvm.dylib+0x31e6cc]
j  sun.reflect.NativeMethodAccessorImpl.invoke0(Ljava/lang/reflect/Method;Ljava/lang/Object;[Ljava/lang/Object;)Ljava/lang/Object;+0
j  sun.reflect.NativeMethodAccessorImpl.invoke(Ljava/lang/Object;[Ljava/lang/Object;)Ljava/lang/Object;+100
j  sun.reflect.DelegatingMethodAccessorImpl.invoke(Ljava/lang/Object;[Ljava/lang/Object;)Ljava/lang/Object;+6
j  java.lang.reflect.Method.invoke(Ljava/lang/Object;[Ljava/lang/Object;)Ljava/lang/Object;+56
j  org.codehaus.plexus.classworlds.launcher.Launcher.launchEnhanced([Ljava/lang/String;)V+45
j  org.codehaus.plexus.classworlds.launcher.Launcher.launch([Ljava/lang/String;)V+2
j  org.codehaus.plexus.classworlds.launcher.Launcher.mainWithExitCode([Ljava/lang/String;)I+101
j  org.codehaus.plexus.classworlds.launcher.Launcher.main([Ljava/lang/String;)V+1
...<more frames>...

Java frames: (J=compiled Java code, j=interpreted, Vv=VM code)
J 109  java.util.zip.ZipFile.getEntry(J[BZ)J (0 bytes) @ 0x000000011879bb58 [0x000000011879bb00+0x58]
J 330 C2 sun.misc.URLClassPath$JarLoader.getResource(Ljava/lang/String;Z)Lsun/misc/Resource; (85 bytes) @ 0x0000000118862190 [0x0000000118861c60+0x530]
J 515 C2 sun.misc.URLClassPath.getResource(Ljava/lang/String;Z)Lsun/misc/Resource; (83 bytes) @ 0x00000001188e8078 [0x00000001188e7f80+0xf8]
J 324 C1 java.net.URLClassLoader$1.run()Ljava/lang/Class; (63 bytes) @ 0x0000000118834144 [0x0000000118833f20+0x224]
J 323 C1 java.net.URLClassLoader$1.run()Ljava/lang/Object; (5 bytes) @ 0x0000000118834994 [0x0000000118834900+0x94]
v  ~StubRoutines::call_stub
J 270  java.security.AccessController.doPrivileged(Ljava/security/PrivilegedExceptionAction;Ljava/security/AccessControlContext;)Ljava/lang/Object; (0 bytes) @ 0x000000011880eca3 [0x000000011880ec40+0x63]
J 268 C1 java.net.URLClassLoader.findClass(Ljava/lang/String;)Ljava/lang/Class; (47 bytes) @ 0x000000011880f5bc [0x000000011880f420+0x19c]
j  java.lang.ClassLoader.loadClass(Ljava/lang/String;Z)Ljava/lang/Class;+70
J 282 C1 sun.misc.Launcher$AppClassLoader.loadClass(Ljava/lang/String;Z)Ljava/lang/Class; (85 bytes) @ 0x000000011881156c [0x0000000118810ba0+0x9cc]
J 3320 C1 java.lang.ClassLoader.loadClass(Ljava/lang/String;)Ljava/lang/Class; (7 bytes) @ 0x0000000119216edc [0x0000000119216dc0+0x11c]
v  ~StubRoutines::call_stub
v  ~RuntimeStub::fast_new_instance_init_check Runtime1 stub
J 373 C1 com.intellij.rt.debugger.agent.CaptureAgent$CaptureTransformer.transform(Ljava/lang/ClassLoader;Ljava/lang/String;Ljava/lang/Class;Ljava/security/ProtectionDomain;[B)[B (194 bytes) @ 0x00000001188721e0 [0x0000000118870440+0x1da0]
J 2642 C2 sun.instrument.InstrumentationImpl.transform(Ljava/lang/ClassLoader;Ljava/lang/String;Ljava/lang/Class;Ljava/security/ProtectionDomain;[BZ)[B (38 bytes) @ 0x0000000118f48cd4 [0x0000000118f48b80+0x154]
v  ~StubRoutines::call_stub
j  java.util.concurrent.AbstractExecutorService.newTaskFor(Ljava/util/concurrent/Callable;)Ljava/util/concurrent/RunnableFuture;+0
j  java.util.concurrent.AbstractExecutorService.submit(Ljava/util/concurrent/Callable;)Ljava/util/concurrent/Future;+14
j  org.apache.catalina.core.ContainerBase.startInternal()V+190
j  org.apache.catalina.core.StandardEngine.startInternal()V+41
j  org.apache.catalina.util.LifecycleBase.start()V+210
j  org.apache.catalina.core.StandardService.startInternal()V+63
j  org.apache.catalina.util.LifecycleBase.start()V+210
j  org.apache.catalina.core.StandardServer.startInternal()V+45
j  org.apache.catalina.util.LifecycleBase.start()V+210
j  org.apache.catalina.startup.Tomcat.start()V+14
j  org.apache.tomcat.maven.plugin.tomcat7.run.AbstractRunMojo.startContainer()V+1023
j  org.apache.tomcat.maven.plugin.tomcat7.run.AbstractRunMojo.execute()V+118
j  org.apache.maven.plugin.DefaultBuildPluginManager.executeMojo(Lorg/apache/maven/execution/MavenSession;Lorg/apache/maven/plugin/MojoExecution;)V+152
j  org.apache.maven.lifecycle.internal.MojoExecutor.execute(Lorg/apache/maven/execution/MavenSession;Lorg/apache/maven/plugin/MojoExecution;Lorg/apache/maven/lifecycle/internal/ProjectIndex;Lorg/apache/maven/lifecycle/internal/DependencyContext;)V+215
j  org.apache.maven.lifecycle.internal.MojoExecutor.execute(Lorg/apache/maven/execution/MavenSession;Lorg/apache/maven/plugin/MojoExecution;Lorg/apache/maven/lifecycle/internal/ProjectIndex;Lorg/apache/maven/lifecycle/internal/DependencyContext;Lorg/apache/maven/lifecycle/internal/PhaseRecorder;)V+6
j  org.apache.maven.lifecycle.internal.MojoExecutor.execute(Lorg/apache/maven/execution/MavenSession;Ljava/util/List;Lorg/apache/maven/lifecycle/internal/ProjectIndex;)V+60
j  org.apache.maven.lifecycle.internal.LifecycleModuleBuilder.buildProject(Lorg/apache/maven/execution/MavenSession;Lorg/apache/maven/execution/MavenSession;Lorg/apache/maven/lifecycle/internal/ReactorContext;Lorg/apache/maven/project/MavenProject;Lorg/apache/maven/lifecycle/internal/TaskSegment;)V+179
j  org.apache.maven.lifecycle.internal.LifecycleModuleBuilder.buildProject(Lorg/apache/maven/execution/MavenSession;Lorg/apache/maven/lifecycle/internal/ReactorContext;Lorg/apache/maven/project/MavenProject;Lorg/apache/maven/lifecycle/internal/TaskSegment;)V+7
j  org.apache.maven.lifecycle.internal.builder.singlethreaded.SingleThreadedBuilder.build(Lorg/apache/maven/execution/MavenSession;Lorg/apache/maven/lifecycle/internal/ReactorContext;Lorg/apache/maven/lifecycle/internal/ProjectBuildList;Ljava/util/List;Lorg/apache/maven/lifecycle/internal/ReactorBuildStatus;)V+77
j  org.apache.maven.lifecycle.internal.LifecycleStarter.execute(Lorg/apache/maven/execution/MavenSession;)V+348
j  org.apache.maven.DefaultMaven.doExecute(Lorg/apache/maven/execution/MavenExecutionRequest;Lorg/apache/maven/execution/MavenSession;Lorg/apache/maven/execution/MavenExecutionResult;Lorg/eclipse/aether/DefaultRepositorySystemSession;)Lorg/apache/maven/execution/MavenExecutionResult;+425
j  org.apache.maven.DefaultMaven.doExecute(Lorg/apache/maven/execution/MavenExecutionRequest;)Lorg/apache/maven/execution/MavenExecutionResult;+98
j  org.apache.maven.DefaultMaven.execute(Lorg/apache/maven/execution/MavenExecutionRequest;)Lorg/apache/maven/execution/MavenExecutionResult;+2
j  org.apache.maven.cli.MavenCli.execute(Lorg/apache/maven/cli/CliRequest;)I+27
j  org.apache.maven.cli.MavenCli.doMain(Lorg/apache/maven/cli/CliRequest;)I+66
j  org.apache.maven.cli.MavenCli.main([Ljava/lang/String;Lorg/codehaus/plexus/classworlds/ClassWorld;)I+24
v  ~StubRoutines::call_stub
j  sun.reflect.NativeMethodAccessorImpl.invoke0(Ljava/lang/reflect/Method;Ljava/lang/Object;[Ljava/lang/Object;)Ljava/lang/Object;+0
j  sun.reflect.NativeMethodAccessorImpl.invoke(Ljava/lang/Object;[Ljava/lang/Object;)Ljava/lang/Object;+100
j  sun.reflect.DelegatingMethodAccessorImpl.invoke(Ljava/lang/Object;[Ljava/lang/Object;)Ljava/lang/Object;+6
j  java.lang.reflect.Method.invoke(Ljava/lang/Object;[Ljava/lang/Object;)Ljava/lang/Object;+56
j  org.codehaus.plexus.classworlds.launcher.Launcher.launchEnhanced([Ljava/lang/String;)V+45
j  org.codehaus.plexus.classworlds.launcher.Launcher.launch([Ljava/lang/String;)V+2
j  org.codehaus.plexus.classworlds.launcher.Launcher.mainWithExitCode([Ljava/lang/String;)I+101
j  org.codehaus.plexus.classworlds.launcher.Launcher.main([Ljava/lang/String;)V+1
j  org.codehaus.classworlds.Launcher.main([Ljava/lang/String;)V+1
v  ~StubRoutines::call_stub

---------------  P R O C E S S  ---------------

Java Threads: ( => current thread )
  0x00007ff7ff818000 JavaThread "Service Thread" daemon [_thread_blocked, id=22019, stack(0x0000700008c38000,0x0000700008d38000)]
  0x00007ff7fe803000 JavaThread "C1 CompilerThread3" daemon [_thread_blocked, id=21763, stack(0x0000700008b35000,0x0000700008c35000)]
  0x00007ff7fe802800 JavaThread "C2 CompilerThread2" daemon [_thread_in_native, id=15619, stack(0x0000700008a32000,0x0000700008b32000)]
  0x00007ff7fd819800 JavaThread "C2 CompilerThread1" daemon [_thread_in_native, id=16131, stack(0x000070000892f000,0x0000700008a2f000)]
  0x00007ff7fc801000 JavaThread "C2 CompilerThread0" daemon [_thread_in_native, id=14851, stack(0x000070000882c000,0x000070000892c000)]
  0x00007ff7fd817000 JavaThread "JDWP Command Reader" daemon [_thread_in_native, id=16387, stack(0x0000700008729000,0x0000700008829000)]
  0x00007ff7fd816800 JavaThread "JDWP Event Helper Thread" daemon [_thread_blocked, id=16643, stack(0x0000700008626000,0x0000700008726000)]
  0x00007ff7fd811000 JavaThread "JDWP Transport Listener: dt_socket" daemon [_thread_blocked, id=16903, stack(0x0000700008523000,0x0000700008623000)]
  0x00007ff7ff001800 JavaThread "Signal Dispatcher" daemon [_thread_blocked, id=17155, stack(0x0000700008420000,0x0000700008520000)]
  0x00007ff7fb80f000 JavaThread "Finalizer" daemon [_thread_blocked, id=19459, stack(0x0000700008217000,0x0000700008317000)]
  0x00007ff7fb802000 JavaThread "Reference Handler" daemon [_thread_blocked, id=12035, stack(0x0000700008114000,0x0000700008214000)]
=>0x00007ff7fb801000 JavaThread "main" [_thread_in_native, id=3331, stack(0x00007000076f6000,0x00007000077f6000)]

Other Threads:
  0x00007ff7fc030800 VMThread [stack: 0x0000700008011000,0x0000700008111000] [id=20227]
  0x00007ff7fc83f800 WatcherThread [stack: 0x0000700008d3b000,0x0000700008e3b000] [id=42755]

VM state:not at safepoint (normal execution)

VM Mutex/Monitor currently owned by a thread: None

heap address: 0x00000006c0000000, size: 4096 MB, Compressed Oops mode: Zero based, Oop shift amount: 3
Narrow klass base: 0x0000000000000000, Narrow klass shift: 3
Compressed class space size: 1073741824 Address: 0x00000007c0000000

Heap:
 PSYoungGen      total 141824K, used 14586K [0x000000076ab00000, 0x0000000774000000, 0x00000007c0000000)
  eden space 131072K, 11% used [0x000000076ab00000,0x000000076b93e850,0x0000000772b00000)
  from space 10752K, 0% used [0x0000000773580000,0x0000000773580000,0x0000000774000000)
  to   space 10752K, 0% used [0x0000000772b00000,0x0000000772b00000,0x0000000773580000)
 ParOldGen       total 117248K, used 14155K [0x00000006c0000000, 0x00000006c7280000, 0x000000076ab00000)
  object space 117248K, 12% used [0x00000006c0000000,0x00000006c0dd2e48,0x00000006c7280000)
 Metaspace       used 22927K, capacity 23462K, committed 23808K, reserved 1071104K
  class space    used 2600K, capacity 2737K, committed 2816K, reserved 1048576K

Card table byte_map: [0x000000010b767000,0x000000010bf68000] byte_map_base: 0x0000000108167000

Marking Bits: (ParMarkBitMap*) 0x000000010b097020
 Begin Bits: [0x000000010c4be000, 0x00000001104be000)
 End Bits:   [0x00000001104be000, 0x00000001144be000)

Polling page: 0x000000010979b000

CodeCache: size=245760Kb used=13135Kb max_used=13135Kb free=232624Kb
 bounds [0x0000000118653000, 0x0000000119333000, 0x0000000127653000]
 total_blobs=3945 nmethods=3562 adapters=305
 compilation: enabled

Compilation events (10 events):
Event: 2.852 Thread 0x00007ff7fe803000 3581       1       com.sun.org.apache.xerces.internal.utils.XMLSecurityManager$Limit::systemProperty (5 bytes)
Event: 2.852 Thread 0x00007ff7fe803000 nmethod 3581 0x0000000119330610 code [0x0000000119330760, 0x0000000119330870]
Event: 2.853 Thread 0x00007ff7fe803000 3582       3       com.sun.org.apache.xerces.internal.xni.QName::clear (21 bytes)
Event: 2.854 Thread 0x00007ff7fe803000 nmethod 3582 0x00000001193308d0 code [0x0000000119330a20, 0x0000000119330bd0]
Event: 2.854 Thread 0x00007ff7fe803000 3584       3       com.sun.org.apache.xerces.internal.util.PropertyState::isExceptional (8 bytes)
Event: 2.854 Thread 0x00007ff7fe803000 nmethod 3584 0x0000000119330c50 code [0x0000000119330dc0, 0x0000000119330fb0]
Event: 2.854 Thread 0x00007ff7fe803000 3583       3       com.sun.org.apache.xerces.internal.xni.QName::<init> (9 bytes)
Event: 2.854 Thread 0x00007ff7fe803000 nmethod 3583 0x0000000119331050 code [0x00000001193311c0, 0x0000000119331430]
Event: 2.854 Thread 0x00007ff7fe803000 3585       3       com.sun.org.apache.xerces.internal.util.FeatureState::isExceptional (8 bytes)
Event: 2.854 Thread 0x00007ff7fe803000 nmethod 3585 0x0000000119331510 code [0x0000000119331680, 0x0000000119331870]

GC Heap History (10 events):
Event: 0.881 GC heap before
{Heap before GC invocations=1 (full 0):
 PSYoungGen      total 76288K, used 65536K [0x000000076ab00000, 0x0000000770000000, 0x00000007c0000000)
  eden space 65536K, 100% used [0x000000076ab00000,0x000000076eb00000,0x000000076eb00000)
  from space 10752K, 0% used [0x000000076f580000,0x000000076f580000,0x0000000770000000)
  to   space 10752K, 0% used [0x000000076eb00000,0x000000076eb00000,0x000000076f580000)
 ParOldGen       total 175104K, used 0K [0x00000006c0000000, 0x00000006cab00000, 0x000000076ab00000)
  object space 175104K, 0% used [0x00000006c0000000,0x00000006c0000000,0x00000006cab00000)
 Metaspace       used 10529K, capacity 10762K, committed 11136K, reserved 1058816K
  class space    used 1250K, capacity 1311K, committed 1408K, reserved 1048576K
Event: 0.887 GC heap after
Heap after GC invocations=1 (full 0):
 PSYoungGen      total 76288K, used 7979K [0x000000076ab00000, 0x0000000770000000, 0x00000007c0000000)
  eden space 65536K, 0% used [0x000000076ab00000,0x000000076ab00000,0x000000076eb00000)
  from space 10752K, 74% used [0x000000076eb00000,0x000000076f2cafc8,0x000000076f580000)
  to   space 10752K, 0% used [0x000000076f580000,0x000000076f580000,0x0000000770000000)
 ParOldGen       total 175104K, used 16K [0x00000006c0000000, 0x00000006cab00000, 0x000000076ab00000)
  object space 175104K, 0% used [0x00000006c0000000,0x00000006c0004000,0x00000006cab00000)
 Metaspace       used 10529K, capacity 10762K, committed 11136K, reserved 1058816K
  class space    used 1250K, capacity 1311K, committed 1408K, reserved 1048576K
}
Event: 1.602 GC heap before
{Heap before GC invocations=2 (full 0):
 PSYoungGen      total 76288K, used 73515K [0x000000076ab00000, 0x0000000770000000, 0x00000007c0000000)
  eden space 65536K, 100% used [0x000000076ab00000,0x000000076eb00000,0x000000076eb00000)
  from space 10752K, 74% used [0x000000076eb00000,0x000000076f2cafc8,0x000000076f580000)
  to   space 10752K, 0% used [0x000000076f580000,0x000000076f580000,0x0000000770000000)
 ParOldGen       total 175104K, used 16K [0x00000006c0000000, 0x00000006cab00000, 0x000000076ab00000)
  object space 175104K, 0% used [0x00000006c0000000,0x00000006c0004000,0x00000006cab00000)
 Metaspace       used 15819K, capacity 16126K, committed 16384K, reserved 1062912K
  class space    used 1871K, capacity 1975K, committed 2048K, reserved 1048576K
Event: 1.616 GC heap after
Heap after GC invocations=2 (full 0):
 PSYoungGen      total 76288K, used 10104K [0x000000076ab00000, 0x0000000774000000, 0x00000007c0000000)
  eden space 65536K, 0% used [0x000000076ab00000,0x000000076ab00000,0x000000076eb00000)
  from space 10752K, 93% used [0x000000076f580000,0x000000076ff5e160,0x0000000770000000)
  to   space 10752K, 0% used [0x000000076eb00000,0x000000076eb00000,0x000000076f580000)
 ParOldGen       total 175104K, used 24K [0x00000006c0000000, 0x00000006cab00000, 0x000000076ab00000)
  object space 175104K, 0% used [0x00000006c0000000,0x00000006c0006000,0x00000006cab00000)
 Metaspace       used 15819K, capacity 16126K, committed 16384K, reserved 1062912K
  class space    used 1871K, capacity 1975K, committed 2048K, reserved 1048576K
}
Event: 2.053 GC heap before
{Heap before GC invocations=3 (full 0):
 PSYoungGen      total 76288K, used 75640K [0x000000076ab00000, 0x0000000774000000, 0x00000007c0000000)
  eden space 65536K, 100% used [0x000000076ab00000,0x000000076eb00000,0x000000076eb00000)
  from space 10752K, 93% used [0x000000076f580000,0x000000076ff5e160,0x0000000770000000)
  to   space 10752K, 0% used [0x000000076eb00000,0x000000076eb00000,0x000000076f580000)
 ParOldGen       total 175104K, used 24K [0x00000006c0000000, 0x00000006cab00000, 0x000000076ab00000)
  object space 175104K, 0% used [0x00000006c0000000,0x00000006c0006000,0x00000006cab00000)
 Metaspace       used 17019K, capacity 17384K, committed 17792K, reserved 1064960K
  class space    used 1965K, capacity 2050K, committed 2176K, reserved 1048576K
Event: 2.063 GC heap after
Heap after GC invocations=3 (full 0):
 PSYoungGen      total 76288K, used 9985K [0x000000076ab00000, 0x0000000774000000, 0x00000007c0000000)
  eden space 65536K, 0% used [0x000000076ab00000,0x000000076ab00000,0x000000076eb00000)
  from space 10752K, 92% used [0x000000076eb00000,0x000000076f4c0488,0x000000076f580000)
  to   space 10752K, 0% used [0x0000000773580000,0x0000000773580000,0x0000000774000000)
 ParOldGen       total 175104K, used 32K [0x00000006c0000000, 0x00000006cab00000, 0x000000076ab00000)
  object space 175104K, 0% used [0x00000006c0000000,0x00000006c0008000,0x00000006cab00000)
 Metaspace       used 17019K, capacity 17384K, committed 17792K, reserved 1064960K
  class space    used 1965K, capacity 2050K, committed 2176K, reserved 1048576K
}
Event: 2.592 GC heap before
{Heap before GC invocations=4 (full 0):
 PSYoungGen      total 76288K, used 75521K [0x000000076ab00000, 0x0000000774000000, 0x00000007c0000000)
  eden space 65536K, 100% used [0x000000076ab00000,0x000000076eb00000,0x000000076eb00000)
  from space 10752K, 92% used [0x000000076eb00000,0x000000076f4c0488,0x000000076f580000)
  to   space 10752K, 0% used [0x0000000773580000,0x0000000773580000,0x0000000774000000)
 ParOldGen       total 175104K, used 32K [0x00000006c0000000, 0x00000006cab00000, 0x000000076ab00000)
  object space 175104K, 0% used [0x00000006c0000000,0x00000006c0008000,0x00000006cab00000)
 Metaspace       used 20639K, capacity 21038K, committed 21248K, reserved 1069056K
  class space    used 2354K, capacity 2461K, committed 2560K, reserved 1048576K
Event: 2.605 GC heap after
Heap after GC invocations=4 (full 0):
 PSYoungGen      total 141824K, used 10721K [0x000000076ab00000, 0x0000000774000000, 0x00000007c0000000)
  eden space 131072K, 0% used [0x000000076ab00000,0x000000076ab00000,0x0000000772b00000)
  from space 10752K, 99% used [0x0000000773580000,0x0000000773ff8440,0x0000000774000000)
  to   space 10752K, 0% used [0x0000000772b00000,0x0000000772b00000,0x0000000773580000)
 ParOldGen       total 175104K, used 3588K [0x00000006c0000000, 0x00000006cab00000, 0x000000076ab00000)
  object space 175104K, 2% used [0x00000006c0000000,0x00000006c0381118,0x00000006cab00000)
 Metaspace       used 20639K, capacity 21038K, committed 21248K, reserved 1069056K
  class space    used 2354K, capacity 2461K, committed 2560K, reserved 1048576K
}
Event: 2.605 GC heap before
{Heap before GC invocations=5 (full 1):
 PSYoungGen      total 141824K, used 10721K [0x000000076ab00000, 0x0000000774000000, 0x00000007c0000000)
  eden space 131072K, 0% used [0x000000076ab00000,0x000000076ab00000,0x0000000772b00000)
  from space 10752K, 99% used [0x0000000773580000,0x0000000773ff8440,0x0000000774000000)
  to   space 10752K, 0% used [0x0000000772b00000,0x0000000772b00000,0x0000000773580000)
 ParOldGen       total 175104K, used 3588K [0x00000006c0000000, 0x00000006cab00000, 0x000000076ab00000)
  object space 175104K, 2% used [0x00000006c0000000,0x00000006c0381118,0x00000006cab00000)
 Metaspace       used 20639K, capacity 21038K, committed 21248K, reserved 1069056K
  class space    used 2354K, capacity 2461K, committed 2560K, reserved 1048576K
Event: 2.651 GC heap after
Heap after GC invocations=5 (full 1):
 PSYoungGen      total 141824K, used 0K [0x000000076ab00000, 0x0000000774000000, 0x00000007c0000000)
  eden space 131072K, 0% used [0x000000076ab00000,0x000000076ab00000,0x0000000772b00000)
  from space 10752K, 0% used [0x0000000773580000,0x0000000773580000,0x0000000774000000)
  to   space 10752K, 0% used [0x0000000772b00000,0x0000000772b00000,0x0000000773580000)
 ParOldGen       total 117248K, used 14155K [0x00000006c0000000, 0x00000006c7280000, 0x000000076ab00000)
  object space 117248K, 12% used [0x00000006c0000000,0x00000006c0dd2e48,0x00000006c7280000)
 Metaspace       used 20639K, capacity 21038K, committed 21248K, reserved 1069056K
  class space    used 2354K, capacity 2461K, committed 2560K, reserved 1048576K
}

Deoptimization events (10 events):
Event: 2.568 Thread 0x00007ff7fb801000 Uncommon trap: reason=class_check action=maybe_recompile pc=0x0000000118e1a808 method=java.util.Hashtable.get(Ljava/lang/Object;)Ljava/lang/Object; @ 6
Event: 2.591 Thread 0x00007ff7fb801000 Uncommon trap: reason=unstable_if action=reinterpret pc=0x0000000118cf98b0 method=java.lang.reflect.Field.get(Ljava/lang/Object;)Ljava/lang/Object; @ 4
Event: 2.722 Thread 0x00007ff7fb801000 Uncommon trap: reason=class_check action=maybe_recompile pc=0x0000000118df9508 method=java.util.Hashtable.put(Ljava/lang/Object;Ljava/lang/Object;)Ljava/lang/Object; @ 18
Event: 2.723 Thread 0x00007ff7fb801000 Uncommon trap: reason=class_check action=maybe_recompile pc=0x0000000118df9508 method=java.util.Hashtable.put(Ljava/lang/Object;Ljava/lang/Object;)Ljava/lang/Object; @ 18
Event: 2.787 Thread 0x00007ff7fb801000 Uncommon trap: reason=unstable_if action=reinterpret pc=0x00000001192d4db0 method=com.sun.org.apache.xerces.internal.impl.XMLEntityScanner.skipSpaces()Z @ 14
Event: 2.798 Thread 0x00007ff7fb801000 Uncommon trap: reason=unstable_if action=reinterpret pc=0x00000001192eb420 method=com.sun.org.apache.xerces.internal.util.SymbolTable.addSymbol([CII)Ljava/lang/String; @ 38
Event: 2.828 Thread 0x00007ff7fb801000 Uncommon trap: reason=unstable_if action=reinterpret pc=0x0000000118f599fc method=java.lang.CharacterData.of(I)Ljava/lang/CharacterData; @ 4
Event: 2.849 Thread 0x00007ff7fb801000 Uncommon trap: reason=bimorphic action=maybe_recompile pc=0x000000011923cc88 method=java.util.Hashtable.get(Ljava/lang/Object;)Ljava/lang/Object; @ 6
Event: 2.850 Thread 0x00007ff7fb801000 Uncommon trap: reason=bimorphic action=maybe_recompile pc=0x000000011923cc88 method=java.util.Hashtable.get(Ljava/lang/Object;)Ljava/lang/Object; @ 6
Event: 2.850 Thread 0x00007ff7fb801000 Uncommon trap: reason=bimorphic action=maybe_recompile pc=0x000000011923cc88 method=java.util.Hashtable.get(Ljava/lang/Object;)Ljava/lang/Object; @ 6

Classes redefined (0 events):
No events

Internal exceptions (10 events):
Event: 1.314 Thread 0x00007ff7fb801000 Exception <a 'java/lang/NullPointerException'> (0x000000076d287a68) thrown at [/Users/builduser/buildAgent/work/1f4c1a3a97561f22/hotspot/src/share/vm/interpreter/linkResolver.cpp, line 1185]
Event: 1.314 Thread 0x00007ff7fb801000 Exception <a 'java/lang/NullPointerException'> (0x000000076d287c80) thrown at [/Users/builduser/buildAgent/work/1f4c1a3a97561f22/hotspot/src/share/vm/interpreter/linkResolver.cpp, line 1185]
Event: 1.338 Thread 0x00007ff7fb801000 Implicit null exception at 0x00000001188e10f6 to 0x00000001188e1621
Event: 1.338 Thread 0x00007ff7fb801000 Implicit null exception at 0x00000001188996b6 to 0x0000000118899bb1
Event: 1.505 Thread 0x00007ff7fb801000 Implicit null exception at 0x0000000118cb2e61 to 0x0000000118cb32a5
Event: 1.522 Thread 0x00007ff7fb801000 Implicit null exception at 0x0000000118a11734 to 0x0000000118a119ed
Event: 1.522 Thread 0x00007ff7fb801000 Implicit null exception at 0x00000001188655af to 0x000000011886561d
Event: 1.536 Thread 0x00007ff7fb801000 Implicit null exception at 0x0000000118c5cdca to 0x0000000118c5d5a1
Event: 1.536 Thread 0x00007ff7fb801000 Implicit null exception at 0x0000000118ab287b to 0x0000000118ab2f31
Event: 2.444 Thread 0x00007ff7fb801000 Exception <a 'java/io/FileNotFoundException'> (0x000000076dd49478) thrown at [/Users/builduser/buildAgent/work/1f4c1a3a97561f22/hotspot/src/share/vm/prims/jni.cpp, line 710]

Events (10 events):
Event: 2.861 Thread 0x00007ff7fb801000 DEOPT PACKING pc=0x000000011880f771 sp=0x00007000077f08b0
Event: 2.861 Thread 0x00007ff7fb801000 DEOPT UNPACKING pc=0x000000011869a4c4 sp=0x00007000077f0620 mode 1
Event: 2.861 Thread 0x00007ff7fb801000 DEOPT PACKING pc=0x0000000118b277a8 sp=0x00007000077f0930
Event: 2.861 Thread 0x00007ff7fb801000 DEOPT UNPACKING pc=0x000000011869a4c4 sp=0x00007000077f0620 mode 1
Event: 2.862 loading class org/jetbrains/capture/org/objectweb/asm/MethodWriter
Event: 2.862 loading class org/jetbrains/capture/org/objectweb/asm/MethodWriter done
Event: 2.862 Thread 0x00007ff7fb801000 DEOPT PACKING pc=0x000000011880f771 sp=0x00007000077f08b0
Event: 2.862 Thread 0x00007ff7fb801000 DEOPT UNPACKING pc=0x000000011869a4c4 sp=0x00007000077f0620 mode 1
Event: 2.862 Thread 0x00007ff7fb801000 DEOPT PACKING pc=0x0000000118b277a8 sp=0x00007000077f0930
Event: 2.862 Thread 0x00007ff7fb801000 DEOPT UNPACKING pc=0x000000011869a4c4 sp=0x00007000077f0620 mode 1


Dynamic libraries:
0x00007fff3209a000 	/System/Library/Frameworks/Cocoa.framework/Versions/A/Cocoa
0x00007fff3f641000 	/System/Library/Frameworks/Security.framework/Versions/A/Security
0x00007fff31040000 	/System/Library/Frameworks/ApplicationServices.framework/Versions/A/ApplicationServices
0x00007fff6969c000 	/usr/lib/libz.1.dylib
0x00007fff671a4000 	/usr/lib/libSystem.B.dylib
0x00007fff68fc7000 	/usr/lib/libobjc.A.dylib
0x00007fff356ba000 	/System/Library/Frameworks/Foundation.framework/Versions/C/Foundation
0x00007fff32fff000 	/System/Library/Frameworks/CoreFoundation.framework/Versions/A/CoreFoundation
0x00007fff30244000 	/System/Library/Frameworks/AppKit.framework/Versions/C/AppKit
0x00007fff32b19000 	/System/Library/Frameworks/CoreData.framework/Versions/A/CoreData
0x00007fff63a55000 	/System/Library/PrivateFrameworks/UIFoundation.framework/Versions/A/UIFoundation
0x00007fff5e2f5000 	/System/Library/PrivateFrameworks/RemoteViewServices.framework/Versions/A/RemoteViewServices
0x00007fff664d5000 	/System/Library/PrivateFrameworks/XCTTargetBootstrap.framework/Versions/A/XCTTargetBootstrap
0x00007fff32ef4000 	/System/Library/Frameworks/CoreDisplay.framework/Versions/A/CoreDisplay
0x00007fff383f2000 	/System/Library/Frameworks/Metal.framework/Versions/A/Metal
0x00007fff4c862000 	/System/Library/PrivateFrameworks/DesktopServicesPriv.framework/Versions/A/DesktopServicesPriv
0x00007fff682bf000 	/usr/lib/liblangid.dylib
0x00007fff4b9be000 	/System/Library/PrivateFrameworks/CoreSVG.framework/Versions/A/CoreSVG
0x00007fff61025000 	/System/Library/PrivateFrameworks/SkyLight.framework/Versions/A/SkyLight
0x00007fff33480000 	/System/Library/Frameworks/CoreGraphics.framework/Versions/A/CoreGraphics
0x00007fff2ede5000 	/System/Library/Frameworks/Accelerate.framework/Versions/A/Accelerate
0x00007fff6958d000 	/usr/lib/libxml2.2.dylib
0x00007fff5742d000 	/System/Library/PrivateFrameworks/IconServices.framework/Versions/A/IconServices
0x00007fff35e78000 	/System/Library/Frameworks/IOSurface.framework/Versions/A/IOSurface
0x00007fff66cdd000 	/usr/lib/libDiagnosticMessagesClient.dylib
0x00007fff4c6dc000 	/System/Library/PrivateFrameworks/DFRFoundation.framework/Versions/A/DFRFoundation
0x00007fff6804d000 	/usr/lib/libicucore.A.dylib
0x00007fff31372000 	/System/Library/Frameworks/AudioToolbox.framework/Versions/A/AudioToolbox
0x00007fff31454000 	/System/Library/Frameworks/AudioUnit.framework/Versions/A/AudioUnit
0x00007fff673a6000 	/usr/lib/libauto.dylib
0x00007fff4c75c000 	/System/Library/PrivateFrameworks/DataDetectorsCore.framework/Versions/A/DataDetectorsCore
0x00007fff31bbb000 	/System/Library/Frameworks/Carbon.framework/Versions/A/Frameworks/HIToolbox.framework/Versions/A/HIToolbox
0x00007fff3e839000 	/System/Library/Frameworks/QuartzCore.framework/Versions/A/QuartzCore
0x00007fff31efa000 	/System/Library/Frameworks/Carbon.framework/Versions/A/Frameworks/SpeechRecognition.framework/Versions/A/SpeechRecognition
0x00007fff4c05e000 	/System/Library/PrivateFrameworks/CoreUI.framework/Versions/A/CoreUI
0x00007fff3257f000 	/System/Library/Frameworks/CoreAudio.framework/Versions/A/CoreAudio
0x00007fff35387000 	/System/Library/Frameworks/DiskArbitration.framework/Versions/A/DiskArbitration
0x00007fff59513000 	/System/Library/PrivateFrameworks/MultitouchSupport.framework/Versions/A/MultitouchSupport
0x00007fff67f18000 	/usr/lib/libenergytrace.dylib
0x00007fff35dd3000 	/System/Library/Frameworks/IOKit.framework/Versions/A/IOKit
0x00007fff343e6000 	/System/Library/Frameworks/CoreServices.framework/Versions/A/CoreServices
0x00007fff5b568000 	/System/Library/PrivateFrameworks/PerformanceAnalysis.framework/Versions/A/PerformanceAnalysis
0x00007fff3d871000 	/System/Library/Frameworks/OpenGL.framework/Versions/A/OpenGL
0x00007fff320a8000 	/System/Library/Frameworks/ColorSync.framework/Versions/A/ColorSync
0x00007fff33b07000 	/System/Library/Frameworks/CoreImage.framework/Versions/A/CoreImage
0x00007fff34e5a000 	/System/Library/Frameworks/CoreText.framework/Versions/A/CoreText
0x00007fff35efb000 	/System/Library/Frameworks/ImageIO.framework/Versions/A/ImageIO
0x00007fff67482000 	/usr/lib/libc++.1.dylib
0x00007fff674fe000 	/usr/lib/libcompression.dylib
0x00007fff6701e000 	/usr/lib/libMobileGestalt.dylib
0x00007fff62b48000 	/System/Library/PrivateFrameworks/TextureIO.framework/Versions/A/TextureIO
0x00007fff6730c000 	/usr/lib/libate.dylib
0x00007fff57633000 	/System/Library/PrivateFrameworks/InternationalSupport.framework/Versions/A/InternationalSupport
0x00007fff6a113000 	/usr/lib/system/libcache.dylib
0x00007fff6a119000 	/usr/lib/system/libcommonCrypto.dylib
0x00007fff6a125000 	/usr/lib/system/libcompiler_rt.dylib
0x00007fff6a12d000 	/usr/lib/system/libcopyfile.dylib
0x00007fff6a137000 	/usr/lib/system/libcorecrypto.dylib
0x00007fff6a2e5000 	/usr/lib/system/libdispatch.dylib
0x00007fff6a327000 	/usr/lib/system/libdyld.dylib
0x00007fff6a35d000 	/usr/lib/system/libkeymgr.dylib
0x00007fff6a36b000 	/usr/lib/system/liblaunch.dylib
0x00007fff6a36c000 	/usr/lib/system/libmacho.dylib
0x00007fff6a372000 	/usr/lib/system/libquarantine.dylib
0x00007fff6a375000 	/usr/lib/system/libremovefile.dylib
0x00007fff6a377000 	/usr/lib/system/libsystem_asl.dylib
0x00007fff6a38f000 	/usr/lib/system/libsystem_blocks.dylib
0x00007fff6a390000 	/usr/lib/system/libsystem_c.dylib
0x00007fff6a418000 	/usr/lib/system/libsystem_configuration.dylib
0x00007fff6a41c000 	/usr/lib/system/libsystem_coreservices.dylib
0x00007fff6a420000 	/usr/lib/system/libsystem_darwin.dylib
0x00007fff6a428000 	/usr/lib/system/libsystem_dnssd.dylib
0x00007fff6a430000 	/usr/lib/system/libsystem_featureflags.dylib
0x00007fff6a432000 	/usr/lib/system/libsystem_info.dylib
0x00007fff6a4ad000 	/usr/lib/system/libsystem_m.dylib
0x00007fff6a4f5000 	/usr/lib/system/libsystem_malloc.dylib
0x00007fff6a51d000 	/usr/lib/system/libsystem_networkextension.dylib
0x00007fff6a52b000 	/usr/lib/system/libsystem_notify.dylib
0x00007fff6a54a000 	/usr/lib/system/libsystem_sandbox.dylib
0x00007fff6a54f000 	/usr/lib/system/libsystem_secinit.dylib
0x00007fff6a480000 	/usr/lib/system/libsystem_kernel.dylib
0x00007fff6a535000 	/usr/lib/system/libsystem_platform.dylib
0x00007fff6a53f000 	/usr/lib/system/libsystem_pthread.dylib
0x00007fff6a552000 	/usr/lib/system/libsystem_symptoms.dylib
0x00007fff6a55a000 	/usr/lib/system/libsystem_trace.dylib
0x00007fff6a572000 	/usr/lib/system/libunwind.dylib
0x00007fff6a578000 	/usr/lib/system/libxpc.dylib
0x00007fff674d6000 	/usr/lib/libc++abi.dylib
0x00007fff682c1000 	/usr/lib/liblzma.5.dylib
0x00007fff67f40000 	/usr/lib/libfakelink.dylib
0x00007fff67299000 	/usr/lib/libarchive.2.dylib
0x00007fff40855000 	/System/Library/Frameworks/SystemConfiguration.framework/Versions/A/SystemConfiguration
0x00007fff66c0e000 	/usr/lib/libCRFSuite.dylib
0x00007fff317ca000 	/System/Library/Frameworks/CFNetwork.framework/Versions/A/CFNetwork
0x00007fff67464000 	/usr/lib/libbsm.0.dylib
0x00007fff6a35e000 	/usr/lib/system/libkxld.dylib
0x00007fff4625b000 	/System/Library/PrivateFrameworks/AppleFSCompression.framework/Versions/A/AppleFSCompression
0x00007fff677d7000 	/usr/lib/libcoretls.dylib
0x00007fff677ee000 	/usr/lib/libcoretls_cfhelpers.dylib
0x00007fff6900b000 	/usr/lib/libpam.2.dylib
0x00007fff6913a000 	/usr/lib/libsqlite3.dylib
0x00007fff6957a000 	/usr/lib/libxar.1.dylib
0x00007fff67475000 	/usr/lib/libbz2.1.0.dylib
0x00007fff67f5c000 	/usr/lib/libiconv.2.dylib
0x00007fff674eb000 	/usr/lib/libcharset.1.dylib
0x00007fff68ab7000 	/usr/lib/libnetwork.dylib
0x00007fff69012000 	/usr/lib/libpcap.A.dylib
0x00007fff6724e000 	/usr/lib/libapple_nghttp2.dylib
0x00007fff3479d000 	/System/Library/Frameworks/CoreServices.framework/Versions/A/Frameworks/FSEvents.framework/Versions/A/FSEvents
0x00007fff3446d000 	/System/Library/Frameworks/CoreServices.framework/Versions/A/Frameworks/CarbonCore.framework/Versions/A/CarbonCore
0x00007fff349df000 	/System/Library/Frameworks/CoreServices.framework/Versions/A/Frameworks/Metadata.framework/Versions/A/Metadata
0x00007fff34a78000 	/System/Library/Frameworks/CoreServices.framework/Versions/A/Frameworks/OSServices.framework/Versions/A/OSServices
0x00007fff34aa6000 	/System/Library/Frameworks/CoreServices.framework/Versions/A/Frameworks/SearchKit.framework/Versions/A/SearchKit
0x00007fff343e7000 	/System/Library/Frameworks/CoreServices.framework/Versions/A/Frameworks/AE.framework/Versions/A/AE
0x00007fff347a6000 	/System/Library/Frameworks/CoreServices.framework/Versions/A/Frameworks/LaunchServices.framework/Versions/A/LaunchServices
0x00007fff3474f000 	/System/Library/Frameworks/CoreServices.framework/Versions/A/Frameworks/DictionaryServices.framework/Versions/A/DictionaryServices
0x00007fff34b0e000 	/System/Library/Frameworks/CoreServices.framework/Versions/A/Frameworks/SharedFileList.framework/Versions/A/SharedFileList
0x00007fff396c7000 	/System/Library/Frameworks/NetFS.framework/Versions/A/NetFS
0x00007fff599b3000 	/System/Library/PrivateFrameworks/NetAuth.framework/Versions/A/NetAuth
0x00007fff6689e000 	/System/Library/PrivateFrameworks/login.framework/Versions/A/Frameworks/loginsupport.framework/Versions/A/loginsupport
0x00007fff6264e000 	/System/Library/PrivateFrameworks/TCC.framework/Versions/A/TCC
0x00007fff4ad9c000 	/System/Library/PrivateFrameworks/CoreNLP.framework/Versions/A/CoreNLP
0x00007fff58f44000 	/System/Library/PrivateFrameworks/MetadataUtilities.framework/Versions/A/MetadataUtilities
0x00007fff68399000 	/usr/lib/libmecabra.dylib
0x00007fff682f1000 	/usr/lib/libmecab.dylib
0x00007fff67f51000 	/usr/lib/libgermantok.dylib
0x00007fff67235000 	/usr/lib/libThaiTokenizer.dylib
0x00007fff66c46000 	/usr/lib/libChineseTokenizer.dylib
0x00007fff2edfd000 	/System/Library/Frameworks/Accelerate.framework/Versions/A/Frameworks/vImage.framework/Versions/A/vImage
0x00007fff3009f000 	/System/Library/Frameworks/Accelerate.framework/Versions/A/Frameworks/vecLib.framework/Versions/A/vecLib
0x00007fff2ffe3000 	/System/Library/Frameworks/Accelerate.framework/Versions/A/Frameworks/vecLib.framework/Versions/A/libvMisc.dylib
0x00007fff2fe09000 	/System/Library/Frameworks/Accelerate.framework/Versions/A/Frameworks/vecLib.framework/Versions/A/libvDSP.dylib
0x00007fff2f469000 	/System/Library/Frameworks/Accelerate.framework/Versions/A/Frameworks/vecLib.framework/Versions/A/libBLAS.dylib
0x00007fff2f9c3000 	/System/Library/Frameworks/Accelerate.framework/Versions/A/Frameworks/vecLib.framework/Versions/A/libLAPACK.dylib
0x00007fff2fd69000 	/System/Library/Frameworks/Accelerate.framework/Versions/A/Frameworks/vecLib.framework/Versions/A/libLinearAlgebra.dylib
0x00007fff2fdf6000 	/System/Library/Frameworks/Accelerate.framework/Versions/A/Frameworks/vecLib.framework/Versions/A/libSparseBLAS.dylib
0x00007fff2fd7f000 	/System/Library/Frameworks/Accelerate.framework/Versions/A/Frameworks/vecLib.framework/Versions/A/libQuadrature.dylib
0x00007fff2f6d2000 	/System/Library/Frameworks/Accelerate.framework/Versions/A/Frameworks/vecLib.framework/Versions/A/libBNNS.dylib
0x00007fff2fd85000 	/System/Library/Frameworks/Accelerate.framework/Versions/A/Frameworks/vecLib.framework/Versions/A/libSparse.dylib
0x00007fff579f2000 	/System/Library/PrivateFrameworks/LanguageModeling.framework/Versions/A/LanguageModeling
0x00007fff4a740000 	/System/Library/PrivateFrameworks/CoreEmoji.framework/Versions/A/CoreEmoji
0x00007fff57b0f000 	/System/Library/PrivateFrameworks/LinguisticData.framework/Versions/A/LinguisticData
0x00007fff57ac0000 	/System/Library/PrivateFrameworks/Lexicon.framework/Versions/A/Lexicon
0x00007fff674ec000 	/usr/lib/libcmph.dylib
0x00007fff3c297000 	/System/Library/Frameworks/OpenDirectory.framework/Versions/A/Frameworks/CFOpenDirectory.framework/Versions/A/CFOpenDirectory
0x00007fff3c2b4000 	/System/Library/Frameworks/OpenDirectory.framework/Versions/A/OpenDirectory
0x00007fff44613000 	/System/Library/PrivateFrameworks/APFS.framework/Versions/A/APFS
0x00007fff3f986000 	/System/Library/Frameworks/SecurityFoundation.framework/Versions/A/SecurityFoundation
0x00007fff69576000 	/usr/lib/libutil.dylib
0x00007fff4ba16000 	/System/Library/PrivateFrameworks/CoreServicesStore.framework/Versions/A/CoreServicesStore
0x00007fff3fa67000 	/System/Library/Frameworks/ServiceManagement.framework/Versions/A/ServiceManagement
0x00007fff479f6000 	/System/Library/PrivateFrameworks/BackgroundTaskManagement.framework/Versions/A/BackgroundTaskManagement
0x00007fff69673000 	/usr/lib/libxslt.1.dylib
0x00007fff468b9000 	/System/Library/PrivateFrameworks/AppleSystemInfo.framework/Versions/A/AppleSystemInfo
0x00007fff36116000 	/System/Library/Frameworks/ImageIO.framework/Versions/A/Resources/libJPEG.dylib
0x00007fff363d5000 	/System/Library/Frameworks/ImageIO.framework/Versions/A/Resources/libTIFF.dylib
0x00007fff363b8000 	/System/Library/Frameworks/ImageIO.framework/Versions/A/Resources/libPng.dylib
0x00007fff36057000 	/System/Library/Frameworks/ImageIO.framework/Versions/A/Resources/libGIF.dylib
0x00007fff3605b000 	/System/Library/Frameworks/ImageIO.framework/Versions/A/Resources/libJP2.dylib
0x00007fff363d3000 	/System/Library/Frameworks/ImageIO.framework/Versions/A/Resources/libRadiance.dylib
0x00007fff67f19000 	/usr/lib/libexpat.1.dylib
0x00007fff463b6000 	/System/Library/PrivateFrameworks/AppleJPEG.framework/Versions/A/AppleJPEG
0x00007fff4ec2e000 	/System/Library/PrivateFrameworks/FontServices.framework/libFontParser.dylib
0x00007fff658f9000 	/System/Library/PrivateFrameworks/WatchdogClient.framework/Versions/A/WatchdogClient
0x00007fff57085000 	/System/Library/PrivateFrameworks/IOAccelerator.framework/Versions/A/IOAccelerator
0x00007fff38780000 	/System/Library/Frameworks/MetalPerformanceShaders.framework/Versions/A/MetalPerformanceShaders
0x00007fff5397b000 	/System/Library/PrivateFrameworks/GPUWrangler.framework/Versions/A/GPUWrangler
0x00007fff57090000 	/System/Library/PrivateFrameworks/IOPresentment.framework/Versions/A/IOPresentment
0x00007fff4c6ee000 	/System/Library/PrivateFrameworks/DSExternalDisplay.framework/Versions/A/DSExternalDisplay
0x00007fff3cc1d000 	/System/Library/Frameworks/OpenGL.framework/Versions/A/Libraries/libCoreFSCache.dylib
0x00007fff384d1000 	/System/Library/Frameworks/MetalPerformanceShaders.framework/Frameworks/MPSCore.framework/Versions/A/MPSCore
0x00007fff3850e000 	/System/Library/Frameworks/MetalPerformanceShaders.framework/Frameworks/MPSImage.framework/Versions/A/MPSImage
0x00007fff385d1000 	/System/Library/Frameworks/MetalPerformanceShaders.framework/Frameworks/MPSNeuralNetwork.framework/Versions/A/MPSNeuralNetwork
0x00007fff38595000 	/System/Library/Frameworks/MetalPerformanceShaders.framework/Frameworks/MPSMatrix.framework/Versions/A/MPSMatrix
0x00007fff38731000 	/System/Library/Frameworks/MetalPerformanceShaders.framework/Frameworks/MPSRayIntersector.framework/Versions/A/MPSRayIntersector
0x00007fff385bb000 	/System/Library/Frameworks/MetalPerformanceShaders.framework/Frameworks/MPSNDArray.framework/Versions/A/MPSNDArray
0x00007fff58f91000 	/System/Library/PrivateFrameworks/MetalTools.framework/Versions/A/MetalTools
0x00007fff456f2000 	/System/Library/PrivateFrameworks/AggregateDictionary.framework/Versions/A/AggregateDictionary
0x00007fff4a1d7000 	/System/Library/PrivateFrameworks/CoreAnalytics.framework/Versions/A/CoreAnalytics
0x00007fff467d7000 	/System/Library/PrivateFrameworks/AppleSauce.framework/Versions/A/AppleSauce
0x00007fff66f01000 	/usr/lib/libIOReport.dylib
0x00007fff3500f000 	/System/Library/Frameworks/CoreVideo.framework/Versions/A/CoreVideo
0x00007fff54d68000 	/System/Library/PrivateFrameworks/GraphVisualizer.framework/Versions/A/GraphVisualizer
0x00007fff4e1b0000 	/System/Library/PrivateFrameworks/FaceCore.framework/Versions/A/FaceCore
0x00007fff3c23e000 	/System/Library/Frameworks/OpenCL.framework/Versions/A/OpenCL
0x00007fff66d23000 	/usr/lib/libFosl_dynamic.dylib
0x00007fff5a3a9000 	/System/Library/PrivateFrameworks/OTSVG.framework/Versions/A/OTSVG
0x00007fff31145000 	/System/Library/Frameworks/ApplicationServices.framework/Versions/A/Frameworks/ATS.framework/Versions/A/Resources/libFontRegistry.dylib
0x00007fff4edff000 	/System/Library/PrivateFrameworks/FontServices.framework/libhvf.dylib
0x00007fff3cc28000 	/System/Library/Frameworks/OpenGL.framework/Versions/A/Libraries/libGFXShared.dylib
0x00007fff3ce05000 	/System/Library/Frameworks/OpenGL.framework/Versions/A/Libraries/libGLU.dylib
0x00007fff3cc31000 	/System/Library/Frameworks/OpenGL.framework/Versions/A/Libraries/libGL.dylib
0x00007fff3cc3c000 	/System/Library/Frameworks/OpenGL.framework/Versions/A/Libraries/libGLImage.dylib
0x00007fff3cc1a000 	/System/Library/Frameworks/OpenGL.framework/Versions/A/Libraries/libCVMSPluginSupport.dylib
0x00007fff3cc23000 	/System/Library/Frameworks/OpenGL.framework/Versions/A/Libraries/libCoreVMClient.dylib
0x00007fff68959000 	/usr/lib/libncurses.5.4.dylib
0x00007fff31041000 	/System/Library/Frameworks/ApplicationServices.framework/Versions/A/Frameworks/ATS.framework/Versions/A/ATS
0x00007fff3120e000 	/System/Library/Frameworks/ApplicationServices.framework/Versions/A/Frameworks/ColorSyncLegacy.framework/Versions/A/ColorSyncLegacy
0x00007fff312ad000 	/System/Library/Frameworks/ApplicationServices.framework/Versions/A/Frameworks/HIServices.framework/Versions/A/HIServices
0x00007fff31304000 	/System/Library/Frameworks/ApplicationServices.framework/Versions/A/Frameworks/LangAnalysis.framework/Versions/A/LangAnalysis
0x00007fff31313000 	/System/Library/Frameworks/ApplicationServices.framework/Versions/A/Frameworks/PrintCore.framework/Versions/A/PrintCore
0x00007fff31359000 	/System/Library/Frameworks/ApplicationServices.framework/Versions/A/Frameworks/QD.framework/Versions/A/QD
0x00007fff31364000 	/System/Library/Frameworks/ApplicationServices.framework/Versions/A/Frameworks/SpeechSynthesis.framework/Versions/A/SpeechSynthesis
0x00007fff311de000 	/System/Library/Frameworks/ApplicationServices.framework/Versions/A/Frameworks/ATSUI.framework/Versions/A/ATSUI
0x00007fff67dad000 	/usr/lib/libcups.2.dylib
0x00007fff37839000 	/System/Library/Frameworks/Kerberos.framework/Versions/A/Kerberos
0x00007fff35aee000 	/System/Library/Frameworks/GSS.framework/Versions/A/GSS
0x00007fff690c7000 	/usr/lib/libresolv.9.dylib
0x00007fff54f09000 	/System/Library/PrivateFrameworks/Heimdal.framework/Versions/A/Heimdal
0x00007fff3784c000 	/System/Library/Frameworks/Kerberos.framework/Versions/A/Libraries/libHeimdalProxy.dylib
0x00007fff67f57000 	/usr/lib/libheimdal-asn1.dylib
0x00007fff4969d000 	/System/Library/PrivateFrameworks/CommonAuth.framework/Versions/A/CommonAuth
0x00007fff46956000 	/System/Library/PrivateFrameworks/AssertionServices.framework/Versions/A/AssertionServices
0x00007fff474ec000 	/System/Library/PrivateFrameworks/AudioToolboxCore.framework/Versions/A/AudioToolboxCore
0x00007fff66551000 	/System/Library/PrivateFrameworks/caulk.framework/Versions/A/caulk
0x00007fff47aa2000 	/System/Library/PrivateFrameworks/BaseBoard.framework/Versions/A/BaseBoard
0x00007fff5e481000 	/System/Library/PrivateFrameworks/RunningBoardServices.framework/Versions/A/RunningBoardServices
0x00007fff5b574000 	/System/Library/PrivateFrameworks/PersistentConnection.framework/Versions/A/PersistentConnection
0x00007fff5de8e000 	/System/Library/PrivateFrameworks/ProtocolBuffer.framework/Versions/A/ProtocolBuffer
0x00007fff496ba000 	/System/Library/PrivateFrameworks/CommonUtilities.framework/Versions/A/CommonUtilities
0x00007fff47c21000 	/System/Library/PrivateFrameworks/Bom.framework/Versions/A/Bom
0x00007fff66bd2000 	/usr/lib/libAudioToolboxUtility.dylib
0x00007fff47a00000 	/System/Library/PrivateFrameworks/Backup.framework/Versions/A/Backup
0x00007fff4c45d000 	/System/Library/PrivateFrameworks/CrashReporterSupport.framework/Versions/A/CrashReporterSupport
0x00007fff5ff0a000 	/System/Library/PrivateFrameworks/Sharing.framework/Versions/A/Sharing
0x00007fff46103000 	/System/Library/PrivateFrameworks/Apple80211.framework/Versions/A/Apple80211
0x00007fff47728000 	/System/Library/PrivateFrameworks/AuthKit.framework/Versions/A/AuthKit
0x00007fff4c18b000 	/System/Library/PrivateFrameworks/CoreUtils.framework/Versions/A/CoreUtils
0x00007fff35054000 	/System/Library/Frameworks/CoreWLAN.framework/Versions/A/CoreWLAN
0x00007fff35c57000 	/System/Library/Frameworks/IOBluetooth.framework/Versions/A/IOBluetooth
0x00007fff5928f000 	/System/Library/PrivateFrameworks/MobileKeyBag.framework/Versions/A/MobileKeyBag
0x00007fff4b26c000 	/System/Library/PrivateFrameworks/CorePhoneNumbers.framework/Versions/A/CorePhoneNumbers
0x00007fff46369000 	/System/Library/PrivateFrameworks/AppleIDAuthSupport.framework/Versions/A/AppleIDAuthSupport
0x00007fff396d4000 	/System/Library/Frameworks/Network.framework/Versions/A/Network
0x00007fff5787b000 	/System/Library/PrivateFrameworks/KeychainCircle.framework/Versions/A/KeychainCircle
0x00007fff32ae1000 	/System/Library/Frameworks/CoreBluetooth.framework/Versions/A/CoreBluetooth
0x00007fff61b64000 	/System/Library/PrivateFrameworks/SpeechRecognitionCore.framework/Versions/A/SpeechRecognitionCore
0x00007fff265ae000 	/System/Library/CoreServices/Encodings/libSimplifiedChineseConverter.dylib
0x000000010a800000 	/Applications/IntelliJ IDEA.app/Contents/jdk/Contents/Home/jre/lib/server/libjvm.dylib
0x00007fff6944b000 	/usr/lib/libstdc++.6.dylib
0x0000000109759000 	/Applications/IntelliJ IDEA.app/Contents/jdk/Contents/Home/jre/lib/libverify.dylib
0x0000000109766000 	/Applications/IntelliJ IDEA.app/Contents/jdk/Contents/Home/jre/lib/libjava.dylib
0x000000010979c000 	/Applications/IntelliJ IDEA.app/Contents/jdk/Contents/Home/jre/lib/libjdwp.dylib
0x00000001097d9000 	/Applications/IntelliJ IDEA.app/Contents/jdk/Contents/Home/jre/lib/libnpt.dylib
0x000000010b305000 	/Applications/IntelliJ IDEA.app/Contents/jdk/Contents/Home/jre/lib/libinstrument.dylib
0x000000010b39e000 	/Applications/IntelliJ IDEA.app/Contents/jdk/Contents/Home/jre/lib/libzip.dylib
0x0000000117472000 	/Applications/IntelliJ IDEA.app/Contents/jdk/Contents/Home/jre/lib/libdt_socket.dylib
0x0000000117672000 	/Applications/IntelliJ IDEA.app/Contents/jdk/Contents/Home/jre/lib/libnio.dylib
0x0000000117682000 	/Applications/IntelliJ IDEA.app/Contents/jdk/Contents/Home/jre/lib/libnet.dylib
0x00000001176e1000 	/private/var/folders/yj/l93sdz0d2lx5w8m2_ltp3zqc0000gn/T/libjansi-1.17.1-6741548924903577001.jnilib
0x0000000117625000 	/Applications/IntelliJ IDEA.app/Contents/jdk/Contents/Home/jre/lib/libmanagement.dylib

VM Arguments:
jvm_args: -agentlib:jdwp=transport=dt_socket,address=127.0.0.1:51182,suspend=y,server=n -Dmaven.multiModuleProjectDirectory=/Users/zhou/Desktop/itcast_health/health_service_provider -DarchetypeCatalog=internal -Dfile.encoding=gb2312 -Dmaven.home=/usr/local/Cellar/maven@3.5/3.5.4/libexec -Dclassworlds.conf=/usr/local/Cellar/maven@3.5/3.5.4/libexec/bin/m2.conf -javaagent:/Users/zhou/Library/Caches/IntelliJIdea2019.1/captureAgent/debugger-agent.jar 
java_command: org.codehaus.classworlds.Launcher -Didea.version2019.1.4 -s /usr/local/Cellar/maven@3.5/3.5.4/libexec/conf/settings.xml -Dmaven.repo.local=/Users/zhou/maven/RepMaven tomcat7:run
java_class_path (initial): /usr/local/Cellar/maven@3.5/3.5.4/libexec/boot/plexus-classworlds-2.5.2.jar:/Applications/IntelliJ IDEA.app/Contents/lib/idea_rt.jar:/Users/zhou/Library/Caches/IntelliJIdea2019.1/captureAgent/debugger-agent.jar
Launcher Type: SUN_STANDARD

Environment Variables:
PATH=/usr/local/bin:/usr/bin:/bin:/usr/sbin:/sbin:/Library/Apple/usr/bin:/Library/Apple/bin:/Applications/VMware Fusion.app/Contents/Public:/usr/local/mysql/bin
SHELL=/bin/bash

Signal Handlers:
SIGSEGV: [libjvm.dylib+0x585219], sa_mask[0]=11111111011111110111111111111111, sa_flags=SA_ONSTACK|SA_RESTART|SA_SIGINFO
SIGBUS: [libjvm.dylib+0x585219], sa_mask[0]=11111111011111110111111111111111, sa_flags=SA_RESTART|SA_SIGINFO
SIGFPE: [libjvm.dylib+0x45e610], sa_mask[0]=11111111011111110111111111111111, sa_flags=SA_RESTART|SA_SIGINFO
SIGPIPE: [libjvm.dylib+0x45e610], sa_mask[0]=11111111011111110111111111111111, sa_flags=SA_RESTART|SA_SIGINFO
SIGXFSZ: [libjvm.dylib+0x45e610], sa_mask[0]=11111111011111110111111111111111, sa_flags=SA_RESTART|SA_SIGINFO
SIGILL: [libjvm.dylib+0x45e610], sa_mask[0]=11111111011111110111111111111111, sa_flags=SA_RESTART|SA_SIGINFO
SIGUSR1: SIG_DFL, sa_mask[0]=00000000000000000000000000000000, sa_flags=none
SIGUSR2: [libjvm.dylib+0x45e12e], sa_mask[0]=00100000000000000000000000000000, sa_flags=SA_RESTART|SA_SIGINFO
SIGHUP: [libjvm.dylib+0x45c6b9], sa_mask[0]=11111111011111110111111111111111, sa_flags=SA_RESTART|SA_SIGINFO
SIGINT: [libjvm.dylib+0x45c6b9], sa_mask[0]=11111111011111110111111111111111, sa_flags=SA_RESTART|SA_SIGINFO
SIGTERM: [libjvm.dylib+0x45c6b9], sa_mask[0]=11111111011111110111111111111111, sa_flags=SA_RESTART|SA_SIGINFO
SIGQUIT: [libjvm.dylib+0x45c6b9], sa_mask[0]=11111111011111110111111111111111, sa_flags=SA_RESTART|SA_SIGINFO


---------------  S Y S T E M  ---------------

OS:Bsduname:Darwin 19.0.0 Darwin Kernel Version 19.0.0: Wed Sep 25 20:18:50 PDT 2019; root:xnu-6153.11.26~2/RELEASE_X86_64 x86_64
rlimit: STACK 8192k, CORE 0k, NPROC 2784, NOFILE 10240, AS infinity
load average:3.25 2.89 1.93

CPU:total 8 (initial active 8) (4 cores per cpu, 2 threads per core) family 6 model 70 stepping 1, cmov, cx8, fxsr, mmx, sse, sse2, sse3, ssse3, sse4.1, sse4.2, popcnt, avx, avx2, aes, clmul, erms, lzcnt, ht, tsc, tscinvbit, bmi1, bmi2

Memory: 4k page, physical 16777216k(2289308k free)

/proc/meminfo:


vm_info: OpenJDK 64-Bit Server VM (25.212-b4) for bsd-amd64 JRE (1.8.0_212-release-1586-b4), built on Jun 10 2019 07:35:38 by "builduser" with gcc 4.2.1 (Based on Apple Inc. build 5658) (LLVM build 2336.11.00)

time: Wed Oct  9 14:01:33 2019
timezone: CST
elapsed time: 2 seconds (0d 0h 0m 2s)

